12 epoch: 1 step: 1 total_loss: 0.75643
23 epoch: 1 step: 2 total_loss: 0.73589
33 epoch: 1 step: 3 total_loss: 0.69315
43 epoch: 1 step: 4 total_loss: 0.70788
52 epoch: 1 step: 5 total_loss: 0.70662
59 epoch: 1 step: 6 total_loss: 0.80696
66 epoch: 1 step: 7 total_loss: 0.77370
72 epoch: 1 step: 8 total_loss: 0.71921
79 epoch: 1 step: 9 total_loss: 0.69456
85 epoch: 1 step: 10 total_loss: 0.69403
91 epoch: 1 step: 11 total_loss: 0.80623
98 epoch: 1 step: 12 total_loss: 0.70480
104 epoch: 1 step: 13 total_loss: 0.69310
110 epoch: 1 step: 14 total_loss: 0.73323
116 epoch: 1 step: 15 total_loss: 0.73428
13 epoch: 1 step: 1 total_loss: 0.75643
22 epoch: 1 step: 2 total_loss: 0.71376
31 epoch: 1 step: 3 total_loss: 0.75118
40 epoch: 1 step: 4 total_loss: 0.70030
49 epoch: 1 step: 5 total_loss: 0.76944
56 epoch: 1 step: 6 total_loss: 0.80696
62 epoch: 1 step: 7 total_loss: 0.78483
69 epoch: 1 step: 8 total_loss: 0.71921
75 epoch: 1 step: 9 total_loss: 0.69394
82 epoch: 1 step: 10 total_loss: 0.69367
89 epoch: 1 step: 11 total_loss: 0.77012
95 epoch: 1 step: 12 total_loss: 0.70635
101 epoch: 1 step: 13 total_loss: 0.70935
108 epoch: 1 step: 14 total_loss: 0.73323
114 epoch: 1 step: 15 total_loss: 0.73428
121 epoch: 1 step: 16 total_loss: 0.73091
127 epoch: 1 step: 17 total_loss: 0.69307
134 epoch: 1 step: 18 total_loss: 0.72550
140 epoch: 1 step: 19 total_loss: 0.74374
146 epoch: 1 step: 20 total_loss: 0.77161
153 epoch: 1 step: 21 total_loss: 0.70886
159 epoch: 1 step: 22 total_loss: 0.72047
166 epoch: 1 step: 23 total_loss: 0.71211
172 epoch: 1 step: 24 total_loss: 0.78718
178 epoch: 1 step: 25 total_loss: 0.69299
185 epoch: 1 step: 26 total_loss: 0.69949
191 epoch: 1 step: 27 total_loss: 0.76063
198 epoch: 1 step: 28 total_loss: 0.70348
204 epoch: 1 step: 29 total_loss: 0.80360
211 epoch: 1 step: 30 total_loss: 0.78408
217 epoch: 1 step: 31 total_loss: 0.79176
224 epoch: 1 step: 32 total_loss: 0.69590
230 epoch: 1 step: 33 total_loss: 0.72890
237 epoch: 1 step: 34 total_loss: 0.84860
244 epoch: 1 step: 35 total_loss: 0.73177
250 epoch: 1 step: 36 total_loss: 0.69503
257 epoch: 1 step: 37 total_loss: 0.69396
263 epoch: 1 step: 38 total_loss: 0.70868
270 epoch: 1 step: 39 total_loss: 1.12283
276 epoch: 1 step: 40 total_loss: 0.87239
283 epoch: 1 step: 41 total_loss: 0.73376
289 epoch: 1 step: 42 total_loss: 0.69627
296 epoch: 1 step: 43 total_loss: 0.77756
302 epoch: 1 step: 44 total_loss: 0.69714
309 epoch: 1 step: 45 total_loss: 0.70421
316 epoch: 1 step: 46 total_loss: 0.71315
322 epoch: 1 step: 47 total_loss: 0.72911
329 epoch: 1 step: 48 total_loss: 0.74041
336 epoch: 1 step: 49 total_loss: 0.70908
342 epoch: 1 step: 50 total_loss: 0.76304
349 epoch: 1 step: 51 total_loss: 0.73658
356 epoch: 1 step: 52 total_loss: 0.72093
362 epoch: 1 step: 53 total_loss: 0.71843
369 epoch: 1 step: 54 total_loss: 0.69269
376 epoch: 1 step: 55 total_loss: 0.73513
382 epoch: 1 step: 56 total_loss: 0.72736
389 epoch: 1 step: 57 total_loss: 0.69476
396 epoch: 1 step: 58 total_loss: 0.70691
403 epoch: 1 step: 59 total_loss: 0.76207
410 epoch: 1 step: 60 total_loss: 0.75474
417 epoch: 1 step: 61 total_loss: 0.70742
424 epoch: 1 step: 62 total_loss: 0.69896
431 epoch: 1 step: 63 total_loss: 0.73240
438 epoch: 1 step: 64 total_loss: 0.70052
445 epoch: 1 step: 65 total_loss: 0.70442
452 epoch: 1 step: 66 total_loss: 0.73543
459 epoch: 1 step: 67 total_loss: 0.75841
465 epoch: 1 step: 68 total_loss: 0.69623
472 epoch: 1 step: 69 total_loss: 0.69683
479 epoch: 1 step: 70 total_loss: 0.73166
487 epoch: 1 step: 71 total_loss: 0.69853
494 epoch: 1 step: 72 total_loss: 0.70562
501 epoch: 1 step: 73 total_loss: 0.83788
508 epoch: 1 step: 74 total_loss: 0.69540
515 epoch: 1 step: 75 total_loss: 0.69893
522 epoch: 1 step: 76 total_loss: 0.89497
529 epoch: 1 step: 77 total_loss: 0.79846
536 epoch: 1 step: 78 total_loss: 0.69239
544 epoch: 1 step: 79 total_loss: 0.78228
551 epoch: 1 step: 80 total_loss: 0.69428
558 epoch: 1 step: 81 total_loss: 0.69327
565 epoch: 1 step: 82 total_loss: 0.69623
572 epoch: 1 step: 83 total_loss: 0.73203
580 epoch: 1 step: 84 total_loss: 0.73284
587 epoch: 1 step: 85 total_loss: 0.91325
594 epoch: 1 step: 86 total_loss: 0.72808
601 epoch: 1 step: 87 total_loss: 0.69625
609 epoch: 1 step: 88 total_loss: 0.69944
616 epoch: 1 step: 89 total_loss: 0.73430
624 epoch: 1 step: 90 total_loss: 0.75671
631 epoch: 1 step: 91 total_loss: 0.74078
639 epoch: 1 step: 92 total_loss: 0.70086
646 epoch: 1 step: 93 total_loss: 0.69924
653 epoch: 1 step: 94 total_loss: 0.74518
661 epoch: 1 step: 95 total_loss: 0.91961
669 epoch: 1 step: 96 total_loss: 0.89103
676 epoch: 1 step: 97 total_loss: 0.75590
684 epoch: 1 step: 98 total_loss: 0.74043
691 epoch: 1 step: 99 total_loss: 0.69956
699 epoch: 1 step: 100 total_loss: 0.76850
707 epoch: 2 step: 1 total_loss: 0.73991
714 epoch: 2 step: 2 total_loss: 0.69858
722 epoch: 2 step: 3 total_loss: 0.78205
730 epoch: 2 step: 4 total_loss: 0.84265
737 epoch: 2 step: 5 total_loss: 0.71967
745 epoch: 2 step: 6 total_loss: 0.71960
753 epoch: 2 step: 7 total_loss: 0.70002
761 epoch: 2 step: 8 total_loss: 0.70067
768 epoch: 2 step: 9 total_loss: 0.69599
776 epoch: 2 step: 10 total_loss: 0.70581
784 epoch: 2 step: 11 total_loss: 0.71331
791 epoch: 2 step: 12 total_loss: 0.83764
799 epoch: 2 step: 13 total_loss: 0.70022
807 epoch: 2 step: 14 total_loss: 0.71656
815 epoch: 2 step: 15 total_loss: 0.71987
823 epoch: 2 step: 16 total_loss: 0.69571
831 epoch: 2 step: 17 total_loss: 0.73243
839 epoch: 2 step: 18 total_loss: 0.69285
847 epoch: 2 step: 19 total_loss: 0.69388
857 epoch: 2 step: 20 total_loss: 0.70742
865 epoch: 2 step: 21 total_loss: 0.72592
873 epoch: 2 step: 22 total_loss: 0.90916
882 epoch: 2 step: 23 total_loss: 0.76910
890 epoch: 2 step: 24 total_loss: 0.69553
898 epoch: 2 step: 25 total_loss: 0.69368
906 epoch: 2 step: 26 total_loss: 0.79803
914 epoch: 2 step: 27 total_loss: 0.72117
922 epoch: 2 step: 28 total_loss: 0.69457
930 epoch: 2 step: 29 total_loss: 0.70288
939 epoch: 2 step: 30 total_loss: 0.76397
947 epoch: 2 step: 31 total_loss: 0.71471
955 epoch: 2 step: 32 total_loss: 0.72406
964 epoch: 2 step: 33 total_loss: 0.71787
972 epoch: 2 step: 34 total_loss: 0.70291
980 epoch: 2 step: 35 total_loss: 0.75472
989 epoch: 2 step: 36 total_loss: 0.69294
997 epoch: 2 step: 37 total_loss: 0.71193
1006 epoch: 2 step: 38 total_loss: 0.77000
1014 epoch: 2 step: 39 total_loss: 0.77940
1022 epoch: 2 step: 40 total_loss: 0.69161
1031 epoch: 2 step: 41 total_loss: 0.86494
1039 epoch: 2 step: 42 total_loss: 0.77308
1048 epoch: 2 step: 43 total_loss: 0.69566
1056 epoch: 2 step: 44 total_loss: 0.73278
1065 epoch: 2 step: 45 total_loss: 0.77992
1073 epoch: 2 step: 46 total_loss: 0.92131
1082 epoch: 2 step: 47 total_loss: 0.73078
1090 epoch: 2 step: 48 total_loss: 0.76569
1099 epoch: 2 step: 49 total_loss: 0.75916
1108 epoch: 2 step: 50 total_loss: 0.73385
1116 epoch: 2 step: 51 total_loss: 0.69728
1125 epoch: 2 step: 52 total_loss: 0.72254
1134 epoch: 2 step: 53 total_loss: 0.90737
1142 epoch: 2 step: 54 total_loss: 0.69753
1151 epoch: 2 step: 55 total_loss: 0.70811
1160 epoch: 2 step: 56 total_loss: 0.69335
1168 epoch: 2 step: 57 total_loss: 0.72751
1177 epoch: 2 step: 58 total_loss: 0.70970
1186 epoch: 2 step: 59 total_loss: 0.72204
1195 epoch: 2 step: 60 total_loss: 0.69136
1204 epoch: 2 step: 61 total_loss: 0.98863
1212 epoch: 2 step: 62 total_loss: 0.80018
1221 epoch: 2 step: 63 total_loss: 0.89041
1230 epoch: 2 step: 64 total_loss: 0.71892
1239 epoch: 2 step: 65 total_loss: 0.69137
1248 epoch: 2 step: 66 total_loss: 0.73543
1257 epoch: 2 step: 67 total_loss: 0.77605
1266 epoch: 2 step: 68 total_loss: 0.72439
1275 epoch: 2 step: 69 total_loss: 0.89397
1284 epoch: 2 step: 70 total_loss: 0.69405
1293 epoch: 2 step: 71 total_loss: 0.76551
1302 epoch: 2 step: 72 total_loss: 0.69115
1311 epoch: 2 step: 73 total_loss: 0.78361
1320 epoch: 2 step: 74 total_loss: 0.73432
1329 epoch: 2 step: 75 total_loss: 0.75459
1338 epoch: 2 step: 76 total_loss: 0.70608
1347 epoch: 2 step: 77 total_loss: 0.69669
1356 epoch: 2 step: 78 total_loss: 0.70201
1365 epoch: 2 step: 79 total_loss: 0.76774
1374 epoch: 2 step: 80 total_loss: 0.79846
1383 epoch: 2 step: 81 total_loss: 0.74174
1393 epoch: 2 step: 82 total_loss: 0.74513
1402 epoch: 2 step: 83 total_loss: 0.87248
1411 epoch: 2 step: 84 total_loss: 0.76178
1420 epoch: 2 step: 85 total_loss: 0.80216
1429 epoch: 2 step: 86 total_loss: 0.72133
1439 epoch: 2 step: 87 total_loss: 0.69100
1448 epoch: 2 step: 88 total_loss: 0.72101
1457 epoch: 2 step: 89 total_loss: 0.72907
1467 epoch: 2 step: 90 total_loss: 0.77710
1476 epoch: 2 step: 91 total_loss: 1.04252
1485 epoch: 2 step: 92 total_loss: 0.78188
1495 epoch: 2 step: 93 total_loss: 0.69424
1504 epoch: 2 step: 94 total_loss: 0.72795
1513 epoch: 2 step: 95 total_loss: 0.69307
1523 epoch: 2 step: 96 total_loss: 0.76076
1532 epoch: 2 step: 97 total_loss: 0.71312
1541 epoch: 2 step: 98 total_loss: 0.71947
1551 epoch: 2 step: 99 total_loss: 0.75368
1560 epoch: 2 step: 100 total_loss: 0.70909
1570 epoch: 3 step: 1 total_loss: 0.78545
1580 epoch: 3 step: 2 total_loss: 0.74813
1589 epoch: 3 step: 3 total_loss: 0.78180
1599 epoch: 3 step: 4 total_loss: 0.69230
1608 epoch: 3 step: 5 total_loss: 0.76046
1618 epoch: 3 step: 6 total_loss: 0.86490
1627 epoch: 3 step: 7 total_loss: 0.75838
1637 epoch: 3 step: 8 total_loss: 0.74140
1647 epoch: 3 step: 9 total_loss: 0.69069
1656 epoch: 3 step: 10 total_loss: 0.75960
1666 epoch: 3 step: 11 total_loss: 0.73013
1675 epoch: 3 step: 12 total_loss: 0.76498
1685 epoch: 3 step: 13 total_loss: 0.78109
1695 epoch: 3 step: 14 total_loss: 0.73625
1705 epoch: 3 step: 15 total_loss: 0.72142
1714 epoch: 3 step: 16 total_loss: 0.69246
1724 epoch: 3 step: 17 total_loss: 0.72437
1734 epoch: 3 step: 18 total_loss: 0.89769
1744 epoch: 3 step: 19 total_loss: 0.74360
1754 epoch: 3 step: 20 total_loss: 0.79705
1763 epoch: 3 step: 21 total_loss: 0.69052
1773 epoch: 3 step: 22 total_loss: 0.72087
1783 epoch: 3 step: 23 total_loss: 0.70725
1793 epoch: 3 step: 24 total_loss: 0.69239
1803 epoch: 3 step: 25 total_loss: 0.69033
1813 epoch: 3 step: 26 total_loss: 0.69917
1823 epoch: 3 step: 27 total_loss: 0.75380
1833 epoch: 3 step: 28 total_loss: 0.69866
1842 epoch: 3 step: 29 total_loss: 0.69848
1852 epoch: 3 step: 30 total_loss: 0.70506
1862 epoch: 3 step: 31 total_loss: 0.73336
1872 epoch: 3 step: 32 total_loss: 0.69491
1882 epoch: 3 step: 33 total_loss: 0.69022
1892 epoch: 3 step: 34 total_loss: 0.69292
1902 epoch: 3 step: 35 total_loss: 0.76708
1912 epoch: 3 step: 36 total_loss: 0.69013
1922 epoch: 3 step: 37 total_loss: 0.75781
1932 epoch: 3 step: 38 total_loss: 0.80561
1942 epoch: 3 step: 39 total_loss: 0.73874
1968 epoch: 3 step: 40 total_loss: 0.71785
1978 epoch: 3 step: 41 total_loss: 0.70871
1988 epoch: 3 step: 42 total_loss: 0.69107
1999 epoch: 3 step: 43 total_loss: 0.69718
2009 epoch: 3 step: 44 total_loss: 0.75030
2020 epoch: 3 step: 45 total_loss: 0.91913
2030 epoch: 3 step: 46 total_loss: 0.69007
2040 epoch: 3 step: 47 total_loss: 0.71563
2051 epoch: 3 step: 48 total_loss: 0.72212
2061 epoch: 3 step: 49 total_loss: 0.72173
2072 epoch: 3 step: 50 total_loss: 0.69644
2082 epoch: 3 step: 51 total_loss: 0.72567
2093 epoch: 3 step: 52 total_loss: 0.69855
2103 epoch: 3 step: 53 total_loss: 0.71525
2114 epoch: 3 step: 54 total_loss: 0.69189
2125 epoch: 3 step: 55 total_loss: 0.70510
2135 epoch: 3 step: 56 total_loss: 0.73128
2146 epoch: 3 step: 57 total_loss: 0.68973
2156 epoch: 3 step: 58 total_loss: 0.75647
2167 epoch: 3 step: 59 total_loss: 0.71470
2178 epoch: 3 step: 60 total_loss: 0.71866
2188 epoch: 3 step: 61 total_loss: 0.77596
2199 epoch: 3 step: 62 total_loss: 1.02732
2210 epoch: 3 step: 63 total_loss: 0.71914
2220 epoch: 3 step: 64 total_loss: 0.69106
2231 epoch: 3 step: 65 total_loss: 0.69158
2242 epoch: 3 step: 66 total_loss: 0.69767
2253 epoch: 3 step: 67 total_loss: 0.74498
2263 epoch: 3 step: 68 total_loss: 0.73356
2274 epoch: 3 step: 69 total_loss: 0.68935
2285 epoch: 3 step: 70 total_loss: 0.69354
2296 epoch: 3 step: 71 total_loss: 0.77771
2307 epoch: 3 step: 72 total_loss: 0.82080
2318 epoch: 3 step: 73 total_loss: 0.69597
2329 epoch: 3 step: 74 total_loss: 0.73472
2340 epoch: 3 step: 75 total_loss: 0.71174
2351 epoch: 3 step: 76 total_loss: 0.70468
2362 epoch: 3 step: 77 total_loss: 0.71425
2372 epoch: 3 step: 78 total_loss: 0.74074
2383 epoch: 3 step: 79 total_loss: 0.98150
2394 epoch: 3 step: 80 total_loss: 0.76066
2405 epoch: 3 step: 81 total_loss: 0.70357
2416 epoch: 3 step: 82 total_loss: 0.71030
2427 epoch: 3 step: 83 total_loss: 0.70167
2438 epoch: 3 step: 84 total_loss: 0.72209
2449 epoch: 3 step: 85 total_loss: 0.89239
2461 epoch: 3 step: 86 total_loss: 0.82485
2472 epoch: 3 step: 87 total_loss: 0.69758
2483 epoch: 3 step: 88 total_loss: 0.68906
2494 epoch: 3 step: 89 total_loss: 0.73400
2505 epoch: 3 step: 90 total_loss: 0.72484
2516 epoch: 3 step: 91 total_loss: 0.84202
2527 epoch: 3 step: 92 total_loss: 0.71476
2538 epoch: 3 step: 93 total_loss: 0.72246
2550 epoch: 3 step: 94 total_loss: 0.68894
2561 epoch: 3 step: 95 total_loss: 0.75785
2572 epoch: 3 step: 96 total_loss: 0.80085
2583 epoch: 3 step: 97 total_loss: 0.70232
2594 epoch: 3 step: 98 total_loss: 0.70116
2606 epoch: 3 step: 99 total_loss: 0.68900
2617 epoch: 3 step: 100 total_loss: 0.76983
2629 epoch: 4 step: 1 total_loss: 0.69734
2640 epoch: 4 step: 2 total_loss: 0.78215
2651 epoch: 4 step: 3 total_loss: 0.72350
2663 epoch: 4 step: 4 total_loss: 0.74025
2674 epoch: 4 step: 5 total_loss: 0.73246
2685 epoch: 4 step: 6 total_loss: 0.69463
2697 epoch: 4 step: 7 total_loss: 0.69082
2708 epoch: 4 step: 8 total_loss: 0.84172
2720 epoch: 4 step: 9 total_loss: 0.68863
2731 epoch: 4 step: 10 total_loss: 0.70593
2742 epoch: 4 step: 11 total_loss: 0.70909
2754 epoch: 4 step: 12 total_loss: 0.70688
2765 epoch: 4 step: 13 total_loss: 0.92454
2777 epoch: 4 step: 14 total_loss: 0.74283
2788 epoch: 4 step: 15 total_loss: 0.69717
2800 epoch: 4 step: 16 total_loss: 1.01401
2811 epoch: 4 step: 17 total_loss: 0.73195
2823 epoch: 4 step: 18 total_loss: 0.72196
2835 epoch: 4 step: 19 total_loss: 0.69012
2846 epoch: 4 step: 20 total_loss: 0.69782
2858 epoch: 4 step: 21 total_loss: 0.89184
2869 epoch: 4 step: 22 total_loss: 0.68826
2881 epoch: 4 step: 23 total_loss: 0.69124
2893 epoch: 4 step: 24 total_loss: 0.72692
2904 epoch: 4 step: 25 total_loss: 0.69018
2916 epoch: 4 step: 26 total_loss: 0.78331
2928 epoch: 4 step: 27 total_loss: 0.69638
2940 epoch: 4 step: 28 total_loss: 0.71315
2951 epoch: 4 step: 29 total_loss: 0.69457
2963 epoch: 4 step: 30 total_loss: 0.75614
2975 epoch: 4 step: 31 total_loss: 0.68829
2987 epoch: 4 step: 32 total_loss: 0.69181
2999 epoch: 4 step: 33 total_loss: 0.75804
3010 epoch: 4 step: 34 total_loss: 0.74801
3022 epoch: 4 step: 35 total_loss: 0.72147
3034 epoch: 4 step: 36 total_loss: 0.69332
3046 epoch: 4 step: 37 total_loss: 0.73182
3058 epoch: 4 step: 38 total_loss: 0.71802
3070 epoch: 4 step: 39 total_loss: 0.72435
3082 epoch: 4 step: 40 total_loss: 0.68888
3094 epoch: 4 step: 41 total_loss: 0.73037
3107 epoch: 4 step: 42 total_loss: 0.77991
3120 epoch: 4 step: 43 total_loss: 0.69243
3133 epoch: 4 step: 44 total_loss: 0.88579
3149 epoch: 4 step: 45 total_loss: 0.87428
3161 epoch: 4 step: 46 total_loss: 0.77233
3174 epoch: 4 step: 47 total_loss: 0.72559
3188 epoch: 4 step: 48 total_loss: 0.73231
3201 epoch: 4 step: 49 total_loss: 0.71674
3213 epoch: 4 step: 50 total_loss: 0.71397
3226 epoch: 4 step: 51 total_loss: 0.69583
3238 epoch: 4 step: 52 total_loss: 0.70048
3250 epoch: 4 step: 53 total_loss: 0.79500
3262 epoch: 4 step: 54 total_loss: 0.74302
3274 epoch: 4 step: 55 total_loss: 0.74409
3287 epoch: 4 step: 56 total_loss: 0.73223
3299 epoch: 4 step: 57 total_loss: 0.68860
3311 epoch: 4 step: 58 total_loss: 0.78927
3323 epoch: 4 step: 59 total_loss: 0.69946
3335 epoch: 4 step: 60 total_loss: 0.74612
3348 epoch: 4 step: 61 total_loss: 0.73881
3360 epoch: 4 step: 62 total_loss: 0.76453
3372 epoch: 4 step: 63 total_loss: 0.72494
3385 epoch: 4 step: 64 total_loss: 0.74059
3397 epoch: 4 step: 65 total_loss: 0.70082
3409 epoch: 4 step: 66 total_loss: 0.68726
3421 epoch: 4 step: 67 total_loss: 0.75094
3434 epoch: 4 step: 68 total_loss: 0.83504
3446 epoch: 4 step: 69 total_loss: 0.71267
3459 epoch: 4 step: 70 total_loss: 0.91191
3471 epoch: 4 step: 71 total_loss: 0.76006
3483 epoch: 4 step: 72 total_loss: 0.74032
3496 epoch: 4 step: 73 total_loss: 0.77301
3508 epoch: 4 step: 74 total_loss: 0.73600
3521 epoch: 4 step: 75 total_loss: 0.82403
3533 epoch: 4 step: 76 total_loss: 0.71752
3546 epoch: 4 step: 77 total_loss: 0.70788
3558 epoch: 4 step: 78 total_loss: 0.76261
3571 epoch: 4 step: 79 total_loss: 0.75200
3583 epoch: 4 step: 80 total_loss: 0.69161
3596 epoch: 4 step: 81 total_loss: 0.72036
3608 epoch: 4 step: 82 total_loss: 0.68658
3621 epoch: 4 step: 83 total_loss: 0.75059
3633 epoch: 4 step: 84 total_loss: 0.68769
3646 epoch: 4 step: 85 total_loss: 0.78194
3659 epoch: 4 step: 86 total_loss: 0.73630
3671 epoch: 4 step: 87 total_loss: 0.70376
3684 epoch: 4 step: 88 total_loss: 0.72295
3696 epoch: 4 step: 89 total_loss: 0.79888
3709 epoch: 4 step: 90 total_loss: 0.86389
3722 epoch: 4 step: 91 total_loss: 0.70506
3734 epoch: 4 step: 92 total_loss: 0.71560
3747 epoch: 4 step: 93 total_loss: 0.70277
3760 epoch: 4 step: 94 total_loss: 0.69995
3772 epoch: 4 step: 95 total_loss: 0.71385
3785 epoch: 4 step: 96 total_loss: 0.75552
3798 epoch: 4 step: 97 total_loss: 0.69193
3811 epoch: 4 step: 98 total_loss: 0.69092
3824 epoch: 4 step: 99 total_loss: 0.72921
3836 epoch: 4 step: 100 total_loss: 0.76270
3850 epoch: 5 step: 1 total_loss: 0.70408
3862 epoch: 5 step: 2 total_loss: 0.68581
3875 epoch: 5 step: 3 total_loss: 0.74195
3888 epoch: 5 step: 4 total_loss: 0.77844
3901 epoch: 5 step: 5 total_loss: 1.03897
3914 epoch: 5 step: 6 total_loss: 0.71917
3927 epoch: 5 step: 7 total_loss: 0.69278
3940 epoch: 5 step: 8 total_loss: 0.73931
3953 epoch: 5 step: 9 total_loss: 0.69423
3966 epoch: 5 step: 10 total_loss: 0.76960
3979 epoch: 5 step: 11 total_loss: 0.77998
3992 epoch: 5 step: 12 total_loss: 0.72981
4005 epoch: 5 step: 13 total_loss: 0.70647
4019 epoch: 5 step: 14 total_loss: 0.75095
4032 epoch: 5 step: 15 total_loss: 0.72889
4045 epoch: 5 step: 16 total_loss: 0.70065
4058 epoch: 5 step: 17 total_loss: 0.68502
4071 epoch: 5 step: 18 total_loss: 0.74259
4084 epoch: 5 step: 19 total_loss: 0.70093
4097 epoch: 5 step: 20 total_loss: 0.68506
4110 epoch: 5 step: 21 total_loss: 0.73052
4124 epoch: 5 step: 22 total_loss: 0.70658
4137 epoch: 5 step: 23 total_loss: 0.71723
4150 epoch: 5 step: 24 total_loss: 0.68806
4163 epoch: 5 step: 25 total_loss: 0.69946
4176 epoch: 5 step: 26 total_loss: 0.75418
4189 epoch: 5 step: 27 total_loss: 0.87464
4203 epoch: 5 step: 28 total_loss: 0.71047
4216 epoch: 5 step: 29 total_loss: 0.69713
4229 epoch: 5 step: 30 total_loss: 0.68471
4242 epoch: 5 step: 31 total_loss: 0.72701
4256 epoch: 5 step: 32 total_loss: 0.77368
4269 epoch: 5 step: 33 total_loss: 0.70406
4282 epoch: 5 step: 34 total_loss: 0.73413
4296 epoch: 5 step: 35 total_loss: 0.68528
4309 epoch: 5 step: 36 total_loss: 0.71727
4322 epoch: 5 step: 37 total_loss: 0.75699
4336 epoch: 5 step: 38 total_loss: 0.70574
4349 epoch: 5 step: 39 total_loss: 0.71228
4362 epoch: 5 step: 40 total_loss: 0.75428
4376 epoch: 5 step: 41 total_loss: 0.69107
4389 epoch: 5 step: 42 total_loss: 0.72487
4403 epoch: 5 step: 43 total_loss: 0.73700
4416 epoch: 5 step: 44 total_loss: 0.70928
4430 epoch: 5 step: 45 total_loss: 0.72100
4443 epoch: 5 step: 46 total_loss: 0.69295
4457 epoch: 5 step: 47 total_loss: 0.72964
4470 epoch: 5 step: 48 total_loss: 0.68518
4484 epoch: 5 step: 49 total_loss: 0.73110
4497 epoch: 5 step: 50 total_loss: 0.71313
4511 epoch: 5 step: 51 total_loss: 0.71738
4524 epoch: 5 step: 52 total_loss: 0.71285
4538 epoch: 5 step: 53 total_loss: 0.71940
4552 epoch: 5 step: 54 total_loss: 0.71517
4565 epoch: 5 step: 55 total_loss: 0.68479
4579 epoch: 5 step: 56 total_loss: 0.68711
4592 epoch: 5 step: 57 total_loss: 0.68822
4606 epoch: 5 step: 58 total_loss: 0.78100
4620 epoch: 5 step: 59 total_loss: 0.69128
4633 epoch: 5 step: 60 total_loss: 0.68996
4647 epoch: 5 step: 61 total_loss: 0.71774
4661 epoch: 5 step: 62 total_loss: 0.69200
4675 epoch: 5 step: 63 total_loss: 0.69678
4688 epoch: 5 step: 64 total_loss: 0.72651
4702 epoch: 5 step: 65 total_loss: 0.73998
4716 epoch: 5 step: 66 total_loss: 0.69747
4730 epoch: 5 step: 67 total_loss: 0.68485
4744 epoch: 5 step: 68 total_loss: 0.82247
4758 epoch: 5 step: 69 total_loss: 0.98628
4772 epoch: 5 step: 70 total_loss: 0.71336
4786 epoch: 5 step: 71 total_loss: 0.71504
4800 epoch: 5 step: 72 total_loss: 0.70914
4814 epoch: 5 step: 73 total_loss: 0.79817
4828 epoch: 5 step: 74 total_loss: 0.70188
4842 epoch: 5 step: 75 total_loss: 0.99437
4856 epoch: 5 step: 76 total_loss: 0.68821
4870 epoch: 5 step: 77 total_loss: 0.68472
4884 epoch: 5 step: 78 total_loss: 0.68649
5033 epoch: 5 step: 79 total_loss: 0.72706
5048 epoch: 5 step: 80 total_loss: 0.68262
5062 epoch: 5 step: 81 total_loss: 0.71636
5077 epoch: 5 step: 82 total_loss: 0.68327
5091 epoch: 5 step: 83 total_loss: 0.74199
5106 epoch: 5 step: 84 total_loss: 0.86244
5121 epoch: 5 step: 85 total_loss: 0.69280
5135 epoch: 5 step: 86 total_loss: 0.70481
5150 epoch: 5 step: 87 total_loss: 0.77364
5165 epoch: 5 step: 88 total_loss: 0.81784
5180 epoch: 5 step: 89 total_loss: 0.68627
5195 epoch: 5 step: 90 total_loss: 0.79575
5209 epoch: 5 step: 91 total_loss: 0.68814
5224 epoch: 5 step: 92 total_loss: 0.79075
5239 epoch: 5 step: 93 total_loss: 0.68827
5254 epoch: 5 step: 94 total_loss: 0.72144
5269 epoch: 5 step: 95 total_loss: 0.69814
5284 epoch: 5 step: 96 total_loss: 0.86272
5298 epoch: 5 step: 97 total_loss: 0.71420
5313 epoch: 5 step: 98 total_loss: 0.77786
5328 epoch: 5 step: 99 total_loss: 0.72881
5343 epoch: 5 step: 100 total_loss: 0.73158
5359 epoch: 6 step: 1 total_loss: 0.79075
5373 epoch: 6 step: 2 total_loss: 0.74600
5388 epoch: 6 step: 3 total_loss: 0.72507
5404 epoch: 6 step: 4 total_loss: 0.71714
5419 epoch: 6 step: 5 total_loss: 0.71024
5434 epoch: 6 step: 6 total_loss: 0.71299
5449 epoch: 6 step: 7 total_loss: 0.73083
5464 epoch: 6 step: 8 total_loss: 0.73354
5479 epoch: 6 step: 9 total_loss: 0.74344
5494 epoch: 6 step: 10 total_loss: 0.79341
5509 epoch: 6 step: 11 total_loss: 0.70538
5524 epoch: 6 step: 12 total_loss: 0.76331
5539 epoch: 6 step: 13 total_loss: 0.68066
5554 epoch: 6 step: 14 total_loss: 0.68020
5569 epoch: 6 step: 15 total_loss: 0.77395
5585 epoch: 6 step: 16 total_loss: 0.70058
5600 epoch: 6 step: 17 total_loss: 0.68258
5615 epoch: 6 step: 18 total_loss: 0.71108
5630 epoch: 6 step: 19 total_loss: 0.77274
5646 epoch: 6 step: 20 total_loss: 0.77473
5661 epoch: 6 step: 21 total_loss: 0.88539
5676 epoch: 6 step: 22 total_loss: 0.68707
5692 epoch: 6 step: 23 total_loss: 0.70685
5707 epoch: 6 step: 24 total_loss: 0.72299
5722 epoch: 6 step: 25 total_loss: 0.72982
5737 epoch: 6 step: 26 total_loss: 0.75744
5753 epoch: 6 step: 27 total_loss: 0.70013
5768 epoch: 6 step: 28 total_loss: 0.75088
5784 epoch: 6 step: 29 total_loss: 0.67896
5799 epoch: 6 step: 30 total_loss: 0.71926
5814 epoch: 6 step: 31 total_loss: 0.76912
5830 epoch: 6 step: 32 total_loss: 0.71341
5845 epoch: 6 step: 33 total_loss: 0.69661
5861 epoch: 6 step: 34 total_loss: 0.71741
5876 epoch: 6 step: 35 total_loss: 0.92098
5892 epoch: 6 step: 36 total_loss: 0.72192
5908 epoch: 6 step: 37 total_loss: 0.76756
5923 epoch: 6 step: 38 total_loss: 0.69140
5939 epoch: 6 step: 39 total_loss: 0.69876
5954 epoch: 6 step: 40 total_loss: 0.67864
5970 epoch: 6 step: 41 total_loss: 0.68730
5985 epoch: 6 step: 42 total_loss: 0.68135
6001 epoch: 6 step: 43 total_loss: 0.98112
6017 epoch: 6 step: 44 total_loss: 0.75196
6032 epoch: 6 step: 45 total_loss: 0.67909
6048 epoch: 6 step: 46 total_loss: 0.68097
6063 epoch: 6 step: 47 total_loss: 0.67745
6079 epoch: 6 step: 48 total_loss: 0.69623
6095 epoch: 6 step: 49 total_loss: 0.73283
6110 epoch: 6 step: 50 total_loss: 0.75379
6126 epoch: 6 step: 51 total_loss: 0.74295
6142 epoch: 6 step: 52 total_loss: 0.68146
6158 epoch: 6 step: 53 total_loss: 0.70876
6173 epoch: 6 step: 54 total_loss: 0.76049
6189 epoch: 6 step: 55 total_loss: 0.80003
6205 epoch: 6 step: 56 total_loss: 0.68886
6221 epoch: 6 step: 57 total_loss: 0.68585
6236 epoch: 6 step: 58 total_loss: 0.69915
6252 epoch: 6 step: 59 total_loss: 0.69875
6268 epoch: 6 step: 60 total_loss: 0.70398
6284 epoch: 6 step: 61 total_loss: 0.86276
6299 epoch: 6 step: 62 total_loss: 0.68022
6315 epoch: 6 step: 63 total_loss: 0.67847
6331 epoch: 6 step: 64 total_loss: 0.74546
6347 epoch: 6 step: 65 total_loss: 0.68343
6363 epoch: 6 step: 66 total_loss: 0.88063
6379 epoch: 6 step: 67 total_loss: 0.70494
6395 epoch: 6 step: 68 total_loss: 0.67887
6411 epoch: 6 step: 69 total_loss: 0.70804
6427 epoch: 6 step: 70 total_loss: 0.74127
6443 epoch: 6 step: 71 total_loss: 0.75042
6459 epoch: 6 step: 72 total_loss: 0.69273
6475 epoch: 6 step: 73 total_loss: 0.81595
6491 epoch: 6 step: 74 total_loss: 0.67950
6507 epoch: 6 step: 75 total_loss: 0.68235
6523 epoch: 6 step: 76 total_loss: 0.74820
6539 epoch: 6 step: 77 total_loss: 0.68019
6555 epoch: 6 step: 78 total_loss: 0.75148
6571 epoch: 6 step: 79 total_loss: 0.68294
6587 epoch: 6 step: 80 total_loss: 0.67438
6604 epoch: 6 step: 81 total_loss: 0.86002
6620 epoch: 6 step: 82 total_loss: 0.68750
6636 epoch: 6 step: 83 total_loss: 0.67808
6652 epoch: 6 step: 84 total_loss: 0.78416
6669 epoch: 6 step: 85 total_loss: 1.05443
6685 epoch: 6 step: 86 total_loss: 0.73495
6701 epoch: 6 step: 87 total_loss: 0.69205
6717 epoch: 6 step: 88 total_loss: 0.72541
6733 epoch: 6 step: 89 total_loss: 0.68640
6750 epoch: 6 step: 90 total_loss: 0.77313
6766 epoch: 6 step: 91 total_loss: 0.68494
6782 epoch: 6 step: 92 total_loss: 0.75403
6798 epoch: 6 step: 93 total_loss: 0.68104
6815 epoch: 6 step: 94 total_loss: 0.68125
6831 epoch: 6 step: 95 total_loss: 0.70507
6847 epoch: 6 step: 96 total_loss: 0.80584
6864 epoch: 6 step: 97 total_loss: 0.82399
6880 epoch: 6 step: 98 total_loss: 0.67977
6897 epoch: 6 step: 99 total_loss: 0.90861
6913 epoch: 6 step: 100 total_loss: 0.68148
6930 epoch: 7 step: 1 total_loss: 0.67503
6946 epoch: 7 step: 2 total_loss: 0.67981
6963 epoch: 7 step: 3 total_loss: 0.69954
6979 epoch: 7 step: 4 total_loss: 0.72247
6996 epoch: 7 step: 5 total_loss: 0.68138
7012 epoch: 7 step: 6 total_loss: 0.67474
7029 epoch: 7 step: 7 total_loss: 0.78950
7045 epoch: 7 step: 8 total_loss: 0.67127
7062 epoch: 7 step: 9 total_loss: 0.70541
7078 epoch: 7 step: 10 total_loss: 0.67406
7095 epoch: 7 step: 11 total_loss: 0.76249
7111 epoch: 7 step: 12 total_loss: 0.70734
7128 epoch: 7 step: 13 total_loss: 0.71980
7145 epoch: 7 step: 14 total_loss: 0.82783
7161 epoch: 7 step: 15 total_loss: 0.71040
7178 epoch: 7 step: 16 total_loss: 0.68076
7195 epoch: 7 step: 17 total_loss: 0.68627
7211 epoch: 7 step: 18 total_loss: 0.72843
7228 epoch: 7 step: 19 total_loss: 0.69371
7245 epoch: 7 step: 20 total_loss: 0.67132
7261 epoch: 7 step: 21 total_loss: 0.75014
7278 epoch: 7 step: 22 total_loss: 0.67824
7295 epoch: 7 step: 23 total_loss: 0.68281
7312 epoch: 7 step: 24 total_loss: 0.76326
7329 epoch: 7 step: 25 total_loss: 0.69076
7345 epoch: 7 step: 26 total_loss: 0.71848
7362 epoch: 7 step: 27 total_loss: 0.71885
7379 epoch: 7 step: 28 total_loss: 0.71331
7396 epoch: 7 step: 29 total_loss: 0.81249
7413 epoch: 7 step: 30 total_loss: 0.77131
7430 epoch: 7 step: 31 total_loss: 0.68790
7447 epoch: 7 step: 32 total_loss: 0.66978
7464 epoch: 7 step: 33 total_loss: 0.79027
7481 epoch: 7 step: 34 total_loss: 0.69671
7498 epoch: 7 step: 35 total_loss: 0.74914
7515 epoch: 7 step: 36 total_loss: 0.69746
7531 epoch: 7 step: 37 total_loss: 0.67629
7548 epoch: 7 step: 38 total_loss: 0.66964
7565 epoch: 7 step: 39 total_loss: 0.71607
7582 epoch: 7 step: 40 total_loss: 0.67714
7599 epoch: 7 step: 41 total_loss: 0.67928
7617 epoch: 7 step: 42 total_loss: 0.67515
7634 epoch: 7 step: 43 total_loss: 0.76437
7651 epoch: 7 step: 44 total_loss: 0.69075
7668 epoch: 7 step: 45 total_loss: 1.05138
7685 epoch: 7 step: 46 total_loss: 0.71693
7703 epoch: 7 step: 47 total_loss: 0.79487
7720 epoch: 7 step: 48 total_loss: 0.98115
7737 epoch: 7 step: 49 total_loss: 0.67221
7754 epoch: 7 step: 50 total_loss: 0.67513
7771 epoch: 7 step: 51 total_loss: 0.71571
7789 epoch: 7 step: 52 total_loss: 0.75997
7806 epoch: 7 step: 53 total_loss: 0.68293
7823 epoch: 7 step: 54 total_loss: 0.67318
7840 epoch: 7 step: 55 total_loss: 1.02978
7858 epoch: 7 step: 56 total_loss: 0.76418
7875 epoch: 7 step: 57 total_loss: 0.90890
7892 epoch: 7 step: 58 total_loss: 0.67038
7909 epoch: 7 step: 59 total_loss: 0.66669
7927 epoch: 7 step: 60 total_loss: 0.67187
7944 epoch: 7 step: 61 total_loss: 0.72154
7961 epoch: 7 step: 62 total_loss: 0.69521
7979 epoch: 7 step: 63 total_loss: 0.71401
7996 epoch: 7 step: 64 total_loss: 0.67621
8013 epoch: 7 step: 65 total_loss: 0.68282
8031 epoch: 7 step: 66 total_loss: 0.70489
8048 epoch: 7 step: 67 total_loss: 0.68297
8065 epoch: 7 step: 68 total_loss: 0.68989
8083 epoch: 7 step: 69 total_loss: 0.66444
8100 epoch: 7 step: 70 total_loss: 0.66540
8118 epoch: 7 step: 71 total_loss: 0.69905
8135 epoch: 7 step: 72 total_loss: 0.69252
8153 epoch: 7 step: 73 total_loss: 0.66386
8170 epoch: 7 step: 74 total_loss: 0.78477
8188 epoch: 7 step: 75 total_loss: 0.66525
8205 epoch: 7 step: 76 total_loss: 0.68669
8223 epoch: 7 step: 77 total_loss: 0.66554
8241 epoch: 7 step: 78 total_loss: 0.69171
8258 epoch: 7 step: 79 total_loss: 0.70386
8276 epoch: 7 step: 80 total_loss: 0.66880
8293 epoch: 7 step: 81 total_loss: 0.70942
8311 epoch: 7 step: 82 total_loss: 0.67804
8329 epoch: 7 step: 83 total_loss: 0.66505
8346 epoch: 7 step: 84 total_loss: 0.76436
8364 epoch: 7 step: 85 total_loss: 0.67703
8382 epoch: 7 step: 86 total_loss: 0.80951
8399 epoch: 7 step: 87 total_loss: 0.76558
8417 epoch: 7 step: 88 total_loss: 0.87681
8435 epoch: 7 step: 89 total_loss: 0.73985
8453 epoch: 7 step: 90 total_loss: 0.67908
8471 epoch: 7 step: 91 total_loss: 0.71146
8488 epoch: 7 step: 92 total_loss: 0.66983
8506 epoch: 7 step: 93 total_loss: 0.73636
8524 epoch: 7 step: 94 total_loss: 0.73125
8542 epoch: 7 step: 95 total_loss: 0.92213
8560 epoch: 7 step: 96 total_loss: 0.67159
8578 epoch: 7 step: 97 total_loss: 0.69673
8596 epoch: 7 step: 98 total_loss: 0.68893
8614 epoch: 7 step: 99 total_loss: 0.66515
8632 epoch: 7 step: 100 total_loss: 0.69909
8650 epoch: 8 step: 1 total_loss: 0.66428
8668 epoch: 8 step: 2 total_loss: 0.69607
8686 epoch: 8 step: 3 total_loss: 0.72418
8704 epoch: 8 step: 4 total_loss: 0.66766
8722 epoch: 8 step: 5 total_loss: 0.68917
8740 epoch: 8 step: 6 total_loss: 0.66657
8758 epoch: 8 step: 7 total_loss: 0.66019
8776 epoch: 8 step: 8 total_loss: 0.66381
8794 epoch: 8 step: 9 total_loss: 0.79053
8812 epoch: 8 step: 10 total_loss: 0.67115
8830 epoch: 8 step: 11 total_loss: 0.69390
8848 epoch: 8 step: 12 total_loss: 0.67933
8866 epoch: 8 step: 13 total_loss: 0.70437
8884 epoch: 8 step: 14 total_loss: 0.68637
8902 epoch: 8 step: 15 total_loss: 0.67604
8920 epoch: 8 step: 16 total_loss: 0.67517
8939 epoch: 8 step: 17 total_loss: 0.68635
8957 epoch: 8 step: 18 total_loss: 0.67067
8975 epoch: 8 step: 19 total_loss: 0.67943
8994 epoch: 8 step: 20 total_loss: 0.69236
9013 epoch: 8 step: 21 total_loss: 0.66543
9031 epoch: 8 step: 22 total_loss: 0.72799
9049 epoch: 8 step: 23 total_loss: 0.70374
9067 epoch: 8 step: 24 total_loss: 0.68194
9086 epoch: 8 step: 25 total_loss: 0.72380
9104 epoch: 8 step: 26 total_loss: 0.70227
9122 epoch: 8 step: 27 total_loss: 0.65787
9140 epoch: 8 step: 28 total_loss: 0.65475
9159 epoch: 8 step: 29 total_loss: 0.76923
9177 epoch: 8 step: 30 total_loss: 0.68996
9195 epoch: 8 step: 31 total_loss: 0.69140
9214 epoch: 8 step: 32 total_loss: 0.73523
9232 epoch: 8 step: 33 total_loss: 0.65623
9251 epoch: 8 step: 34 total_loss: 0.86588
9269 epoch: 8 step: 35 total_loss: 0.67479
9287 epoch: 8 step: 36 total_loss: 0.68048
9306 epoch: 8 step: 37 total_loss: 0.70207
9324 epoch: 8 step: 38 total_loss: 0.75733
9343 epoch: 8 step: 39 total_loss: 0.73439
9361 epoch: 8 step: 40 total_loss: 0.78871
9380 epoch: 8 step: 41 total_loss: 0.67264
9398 epoch: 8 step: 42 total_loss: 0.69027
9417 epoch: 8 step: 43 total_loss: 0.75496
9435 epoch: 8 step: 44 total_loss: 0.70363
9454 epoch: 8 step: 45 total_loss: 0.77484
9472 epoch: 8 step: 46 total_loss: 0.70951
9491 epoch: 8 step: 47 total_loss: 0.67576
9510 epoch: 8 step: 48 total_loss: 0.85964
9528 epoch: 8 step: 49 total_loss: 1.04439
9547 epoch: 8 step: 50 total_loss: 0.65257
9566 epoch: 8 step: 51 total_loss: 0.66091
9584 epoch: 8 step: 52 total_loss: 0.65311
9603 epoch: 8 step: 53 total_loss: 0.65187
9621 epoch: 8 step: 54 total_loss: 0.66731
9640 epoch: 8 step: 55 total_loss: 0.65103
9659 epoch: 8 step: 56 total_loss: 0.75337
9677 epoch: 8 step: 57 total_loss: 0.65013
9696 epoch: 8 step: 58 total_loss: 0.73731
9715 epoch: 8 step: 59 total_loss: 0.70423
9734 epoch: 8 step: 60 total_loss: 0.65153
9752 epoch: 8 step: 61 total_loss: 0.71270
9771 epoch: 8 step: 62 total_loss: 0.74289
9790 epoch: 8 step: 63 total_loss: 0.68492
9809 epoch: 8 step: 64 total_loss: 0.66404
9828 epoch: 8 step: 65 total_loss: 0.65138
9846 epoch: 8 step: 66 total_loss: 0.68503
9865 epoch: 8 step: 67 total_loss: 0.66870
9884 epoch: 8 step: 68 total_loss: 0.72866
9903 epoch: 8 step: 69 total_loss: 0.74527
9922 epoch: 8 step: 70 total_loss: 0.75226
9940 epoch: 8 step: 71 total_loss: 0.74117
9959 epoch: 8 step: 72 total_loss: 0.67384
9978 epoch: 8 step: 73 total_loss: 0.97176
9997 epoch: 8 step: 74 total_loss: 0.65294
10016 epoch: 8 step: 75 total_loss: 0.70016
10035 epoch: 8 step: 76 total_loss: 0.65775
10054 epoch: 8 step: 77 total_loss: 0.67806
10073 epoch: 8 step: 78 total_loss: 0.69432
10092 epoch: 8 step: 79 total_loss: 0.69980
10111 epoch: 8 step: 80 total_loss: 0.75721
10130 epoch: 8 step: 81 total_loss: 0.65834
10149 epoch: 8 step: 82 total_loss: 0.64847
10168 epoch: 8 step: 83 total_loss: 0.69849
10187 epoch: 8 step: 84 total_loss: 0.64770
10206 epoch: 8 step: 85 total_loss: 0.69764
10225 epoch: 8 step: 86 total_loss: 0.69069
10245 epoch: 8 step: 87 total_loss: 0.67194
10264 epoch: 8 step: 88 total_loss: 0.64586
10283 epoch: 8 step: 89 total_loss: 0.64368
10302 epoch: 8 step: 90 total_loss: 0.65355
10321 epoch: 8 step: 91 total_loss: 0.68275
10340 epoch: 8 step: 92 total_loss: 0.69022
10359 epoch: 8 step: 93 total_loss: 0.80649
10379 epoch: 8 step: 94 total_loss: 0.72579
10398 epoch: 8 step: 95 total_loss: 0.64110
10417 epoch: 8 step: 96 total_loss: 0.65012
10436 epoch: 8 step: 97 total_loss: 0.65368
10455 epoch: 8 step: 98 total_loss: 0.64481
10475 epoch: 8 step: 99 total_loss: 0.76861
10494 epoch: 8 step: 100 total_loss: 0.68945
10514 epoch: 9 step: 1 total_loss: 0.64183
10533 epoch: 9 step: 2 total_loss: 0.73585
10552 epoch: 9 step: 3 total_loss: 0.66068
10571 epoch: 9 step: 4 total_loss: 0.63917
10591 epoch: 9 step: 5 total_loss: 0.66754
10610 epoch: 9 step: 6 total_loss: 0.64260
10629 epoch: 9 step: 7 total_loss: 0.74762
10649 epoch: 9 step: 8 total_loss: 0.63811
10668 epoch: 9 step: 9 total_loss: 0.63749
10687 epoch: 9 step: 10 total_loss: 0.85797
10707 epoch: 9 step: 11 total_loss: 0.85550
10726 epoch: 9 step: 12 total_loss: 0.81156
10746 epoch: 9 step: 13 total_loss: 0.72451
10765 epoch: 9 step: 14 total_loss: 0.63829
10785 epoch: 9 step: 15 total_loss: 0.73319
10804 epoch: 9 step: 16 total_loss: 0.63621
10824 epoch: 9 step: 17 total_loss: 0.72308
10843 epoch: 9 step: 18 total_loss: 0.69706
10863 epoch: 9 step: 19 total_loss: 0.68578
10883 epoch: 9 step: 20 total_loss: 0.66882
10902 epoch: 9 step: 21 total_loss: 0.68397
10922 epoch: 9 step: 22 total_loss: 0.67448
10941 epoch: 9 step: 23 total_loss: 0.64111
10961 epoch: 9 step: 24 total_loss: 0.64744
10981 epoch: 9 step: 25 total_loss: 0.65797
11000 epoch: 9 step: 26 total_loss: 0.64181
11020 epoch: 9 step: 27 total_loss: 0.80711
11040 epoch: 9 step: 28 total_loss: 0.73422
11059 epoch: 9 step: 29 total_loss: 0.75833
11079 epoch: 9 step: 30 total_loss: 0.64883
11099 epoch: 9 step: 31 total_loss: 0.65879
11118 epoch: 9 step: 32 total_loss: 0.70072
11138 epoch: 9 step: 33 total_loss: 0.79894
11158 epoch: 9 step: 34 total_loss: 0.67354
11178 epoch: 9 step: 35 total_loss: 0.63262
11198 epoch: 9 step: 36 total_loss: 0.64786
11218 epoch: 9 step: 37 total_loss: 0.73170
11238 epoch: 9 step: 38 total_loss: 0.67586
11258 epoch: 9 step: 39 total_loss: 0.64883
11278 epoch: 9 step: 40 total_loss: 0.68627
11298 epoch: 9 step: 41 total_loss: 0.69424
11318 epoch: 9 step: 42 total_loss: 0.63572
11338 epoch: 9 step: 43 total_loss: 0.65262
11358 epoch: 9 step: 44 total_loss: 0.63252
11378 epoch: 9 step: 45 total_loss: 0.69809
11398 epoch: 9 step: 46 total_loss: 0.63866
11417 epoch: 9 step: 47 total_loss: 0.63373
11437 epoch: 9 step: 48 total_loss: 0.68093
11457 epoch: 9 step: 49 total_loss: 0.66201
11477 epoch: 9 step: 50 total_loss: 0.65663
11497 epoch: 9 step: 51 total_loss: 0.62456
11517 epoch: 9 step: 52 total_loss: 0.64873
11538 epoch: 9 step: 53 total_loss: 0.66067
11558 epoch: 9 step: 54 total_loss: 0.70212
11578 epoch: 9 step: 55 total_loss: 0.90508
11598 epoch: 9 step: 56 total_loss: 0.68437
11618 epoch: 9 step: 57 total_loss: 0.62822
11638 epoch: 9 step: 58 total_loss: 0.62743
11658 epoch: 9 step: 59 total_loss: 0.66410
11678 epoch: 9 step: 60 total_loss: 0.64759
11698 epoch: 9 step: 61 total_loss: 0.63243
11718 epoch: 9 step: 62 total_loss: 0.69585
11739 epoch: 9 step: 63 total_loss: 1.03312
11759 epoch: 9 step: 64 total_loss: 0.65189
11779 epoch: 9 step: 65 total_loss: 0.65365
11799 epoch: 9 step: 66 total_loss: 0.70586
11820 epoch: 9 step: 67 total_loss: 0.62273
11840 epoch: 9 step: 68 total_loss: 0.62248
11860 epoch: 9 step: 69 total_loss: 0.64126
11880 epoch: 9 step: 70 total_loss: 0.67803
11901 epoch: 9 step: 71 total_loss: 0.67666
11921 epoch: 9 step: 72 total_loss: 0.63456
11941 epoch: 9 step: 73 total_loss: 0.77384
11962 epoch: 9 step: 74 total_loss: 0.67407
11982 epoch: 9 step: 75 total_loss: 0.65091
12002 epoch: 9 step: 76 total_loss: 0.62636
12023 epoch: 9 step: 77 total_loss: 0.88355
12043 epoch: 9 step: 78 total_loss: 0.68679
12063 epoch: 9 step: 79 total_loss: 0.73072
12084 epoch: 9 step: 80 total_loss: 0.66531
12104 epoch: 9 step: 81 total_loss: 0.73842
12125 epoch: 9 step: 82 total_loss: 0.76303
12145 epoch: 9 step: 83 total_loss: 0.61921
12166 epoch: 9 step: 84 total_loss: 0.70831
12186 epoch: 9 step: 85 total_loss: 0.62186
12207 epoch: 9 step: 86 total_loss: 0.66378
12227 epoch: 9 step: 87 total_loss: 0.66712
12248 epoch: 9 step: 88 total_loss: 0.66850
12268 epoch: 9 step: 89 total_loss: 0.61508
12289 epoch: 9 step: 90 total_loss: 0.63245
12309 epoch: 9 step: 91 total_loss: 0.61461
12330 epoch: 9 step: 92 total_loss: 0.82515
12350 epoch: 9 step: 93 total_loss: 0.62171
12371 epoch: 9 step: 94 total_loss: 0.61931
12391 epoch: 9 step: 95 total_loss: 0.61477
12412 epoch: 9 step: 96 total_loss: 0.91598
12433 epoch: 9 step: 97 total_loss: 0.64360
12453 epoch: 9 step: 98 total_loss: 0.71908
12474 epoch: 9 step: 99 total_loss: 0.61170
12494 epoch: 9 step: 100 total_loss: 0.81572
12515 epoch: 10 step: 1 total_loss: 0.62199
12536 epoch: 10 step: 2 total_loss: 0.60819
12557 epoch: 10 step: 3 total_loss: 0.61703
12578 epoch: 10 step: 4 total_loss: 0.66846
12598 epoch: 10 step: 5 total_loss: 0.61567
12619 epoch: 10 step: 6 total_loss: 0.61301
12640 epoch: 10 step: 7 total_loss: 0.65907
12661 epoch: 10 step: 8 total_loss: 0.60895
12681 epoch: 10 step: 9 total_loss: 0.61124
12702 epoch: 10 step: 10 total_loss: 0.61662
12723 epoch: 10 step: 11 total_loss: 0.69424
12744 epoch: 10 step: 12 total_loss: 0.76585
12765 epoch: 10 step: 13 total_loss: 0.76709
12786 epoch: 10 step: 14 total_loss: 0.63460
12807 epoch: 10 step: 15 total_loss: 0.64672
12828 epoch: 10 step: 16 total_loss: 0.64783
12848 epoch: 10 step: 17 total_loss: 0.59886
12869 epoch: 10 step: 18 total_loss: 0.62541
12890 epoch: 10 step: 19 total_loss: 0.60141
12911 epoch: 10 step: 20 total_loss: 0.64529
12932 epoch: 10 step: 21 total_loss: 0.67022
12953 epoch: 10 step: 22 total_loss: 0.60556
12974 epoch: 10 step: 23 total_loss: 0.66882
12995 epoch: 10 step: 24 total_loss: 0.59978
13016 epoch: 10 step: 25 total_loss: 0.62116
13037 epoch: 10 step: 26 total_loss: 0.65455
13058 epoch: 10 step: 27 total_loss: 0.66773
13080 epoch: 10 step: 28 total_loss: 0.64292
13101 epoch: 10 step: 29 total_loss: 0.63240
13122 epoch: 10 step: 30 total_loss: 0.62714
13143 epoch: 10 step: 31 total_loss: 1.02874
13164 epoch: 10 step: 32 total_loss: 0.83157
13185 epoch: 10 step: 33 total_loss: 0.60366
13207 epoch: 10 step: 34 total_loss: 0.63439
13229 epoch: 10 step: 35 total_loss: 0.71049
13251 epoch: 10 step: 36 total_loss: 0.62378
13272 epoch: 10 step: 37 total_loss: 0.69945
13293 epoch: 10 step: 38 total_loss: 0.62922
13315 epoch: 10 step: 39 total_loss: 0.69721
13336 epoch: 10 step: 40 total_loss: 0.65404
13357 epoch: 10 step: 41 total_loss: 0.59403
13378 epoch: 10 step: 42 total_loss: 0.63206
13400 epoch: 10 step: 43 total_loss: 0.63464
13421 epoch: 10 step: 44 total_loss: 0.66658
13442 epoch: 10 step: 45 total_loss: 0.96726
13464 epoch: 10 step: 46 total_loss: 0.61559
13485 epoch: 10 step: 47 total_loss: 0.60017
13506 epoch: 10 step: 48 total_loss: 0.61356
13528 epoch: 10 step: 49 total_loss: 0.58931
13549 epoch: 10 step: 50 total_loss: 0.67020
13570 epoch: 10 step: 51 total_loss: 0.90357
13592 epoch: 10 step: 52 total_loss: 0.64688
13613 epoch: 10 step: 53 total_loss: 0.75690
13635 epoch: 10 step: 54 total_loss: 0.59464
13656 epoch: 10 step: 55 total_loss: 0.65449
13678 epoch: 10 step: 56 total_loss: 0.62485
14351 epoch: 10 step: 57 total_loss: 0.85163
14374 epoch: 10 step: 58 total_loss: 0.59525
14397 epoch: 10 step: 59 total_loss: 0.60007
14420 epoch: 10 step: 60 total_loss: 0.57985
14443 epoch: 10 step: 61 total_loss: 0.71551
14466 epoch: 10 step: 62 total_loss: 0.61132
14489 epoch: 10 step: 63 total_loss: 0.62430
14512 epoch: 10 step: 64 total_loss: 0.62006
14535 epoch: 10 step: 65 total_loss: 0.59671
14558 epoch: 10 step: 66 total_loss: 0.65243
14581 epoch: 10 step: 67 total_loss: 0.62708
14604 epoch: 10 step: 68 total_loss: 0.70754
14627 epoch: 10 step: 69 total_loss: 0.63972
14650 epoch: 10 step: 70 total_loss: 0.72335
14674 epoch: 10 step: 71 total_loss: 0.85228
14697 epoch: 10 step: 72 total_loss: 0.57498
14720 epoch: 10 step: 73 total_loss: 0.66651
14743 epoch: 10 step: 74 total_loss: 0.64252
14767 epoch: 10 step: 75 total_loss: 0.58364
14790 epoch: 10 step: 76 total_loss: 0.59599
14814 epoch: 10 step: 77 total_loss: 0.62249
14837 epoch: 10 step: 78 total_loss: 0.70384
14860 epoch: 10 step: 79 total_loss: 0.67280
14884 epoch: 10 step: 80 total_loss: 0.71447
14907 epoch: 10 step: 81 total_loss: 0.73275
14930 epoch: 10 step: 82 total_loss: 0.62937
14954 epoch: 10 step: 83 total_loss: 0.57502
14977 epoch: 10 step: 84 total_loss: 0.61517
15000 epoch: 10 step: 85 total_loss: 0.57630
15024 epoch: 10 step: 86 total_loss: 0.66749
15047 epoch: 10 step: 87 total_loss: 0.61386
15070 epoch: 10 step: 88 total_loss: 0.63500
15094 epoch: 10 step: 89 total_loss: 0.70422
15117 epoch: 10 step: 90 total_loss: 0.63679
15140 epoch: 10 step: 91 total_loss: 0.70110
15164 epoch: 10 step: 92 total_loss: 0.59073
15187 epoch: 10 step: 93 total_loss: 0.63090
15211 epoch: 10 step: 94 total_loss: 0.57381
15234 epoch: 10 step: 95 total_loss: 0.59353
15258 epoch: 10 step: 96 total_loss: 0.57153
15281 epoch: 10 step: 97 total_loss: 0.60334
15304 epoch: 10 step: 98 total_loss: 0.82584
15328 epoch: 10 step: 99 total_loss: 0.68475
15352 epoch: 10 step: 100 total_loss: 0.74578
