42 epoch: 1 step: 1 total_loss: 0.97907
77 epoch: 1 step: 2 total_loss: 0.81008
114 epoch: 1 step: 3 total_loss: 0.73880
149 epoch: 1 step: 4 total_loss: 0.60579
183 epoch: 1 step: 5 total_loss: 0.46569
213 epoch: 1 step: 6 total_loss: 0.53984
241 epoch: 1 step: 7 total_loss: 0.36623
268 epoch: 1 step: 8 total_loss: 0.41339
296 epoch: 1 step: 9 total_loss: 0.38724
325 epoch: 1 step: 10 total_loss: 0.63046
351 epoch: 1 step: 11 total_loss: 0.17704
378 epoch: 1 step: 12 total_loss: 0.28447
405 epoch: 1 step: 13 total_loss: 0.30074
432 epoch: 1 step: 14 total_loss: 0.55279
460 epoch: 1 step: 15 total_loss: 0.16835
487 epoch: 1 step: 16 total_loss: 0.66368
515 epoch: 1 step: 17 total_loss: 0.50811
542 epoch: 1 step: 18 total_loss: 0.61992
570 epoch: 1 step: 19 total_loss: 0.28719
598 epoch: 1 step: 20 total_loss: 0.30295
626 epoch: 1 step: 21 total_loss: 0.43547
654 epoch: 1 step: 22 total_loss: 0.42645
683 epoch: 1 step: 23 total_loss: 0.26113
712 epoch: 1 step: 24 total_loss: 0.37612
741 epoch: 1 step: 25 total_loss: 0.44447
771 epoch: 2 step: 1 total_loss: 0.23008
801 epoch: 2 step: 2 total_loss: 0.24064
831 epoch: 2 step: 3 total_loss: 0.25224
862 epoch: 2 step: 4 total_loss: 0.52196
895 epoch: 2 step: 5 total_loss: 0.17958
926 epoch: 2 step: 6 total_loss: 0.11562
958 epoch: 2 step: 7 total_loss: 0.19338
990 epoch: 2 step: 8 total_loss: 0.33111
1022 epoch: 2 step: 9 total_loss: 0.12326
1055 epoch: 2 step: 10 total_loss: 0.24916
1087 epoch: 2 step: 11 total_loss: 0.21224
1121 epoch: 2 step: 12 total_loss: 0.37062
1154 epoch: 2 step: 13 total_loss: 0.23056
1188 epoch: 2 step: 14 total_loss: 0.19640
1222 epoch: 2 step: 15 total_loss: 0.14895
1256 epoch: 2 step: 16 total_loss: 0.10736
1290 epoch: 2 step: 17 total_loss: 0.17240
1325 epoch: 2 step: 18 total_loss: 0.30007
1359 epoch: 2 step: 19 total_loss: 0.22470
1395 epoch: 2 step: 20 total_loss: 0.23099
1430 epoch: 2 step: 21 total_loss: 0.23275
1465 epoch: 2 step: 22 total_loss: 0.19650
1501 epoch: 2 step: 23 total_loss: 0.21722
1538 epoch: 2 step: 24 total_loss: 0.14311
1574 epoch: 2 step: 25 total_loss: 0.40525
1611 epoch: 3 step: 1 total_loss: 0.20031
1648 epoch: 3 step: 2 total_loss: 0.10659
1686 epoch: 3 step: 3 total_loss: 0.35115
1723 epoch: 3 step: 4 total_loss: 0.08882
1761 epoch: 3 step: 5 total_loss: 0.13464
1799 epoch: 3 step: 6 total_loss: 0.13647
1837 epoch: 3 step: 7 total_loss: 0.10499
1876 epoch: 3 step: 8 total_loss: 0.18084
1914 epoch: 3 step: 9 total_loss: 0.16156
1967 epoch: 3 step: 10 total_loss: 0.15208
2007 epoch: 3 step: 11 total_loss: 0.16273
2047 epoch: 3 step: 12 total_loss: 0.28635
2088 epoch: 3 step: 13 total_loss: 0.10297
2129 epoch: 3 step: 14 total_loss: 0.30662
2170 epoch: 3 step: 15 total_loss: 0.20447
2212 epoch: 3 step: 16 total_loss: 0.18140
2253 epoch: 3 step: 17 total_loss: 0.09596
2295 epoch: 3 step: 18 total_loss: 0.23201
2337 epoch: 3 step: 19 total_loss: 0.42508
2380 epoch: 3 step: 20 total_loss: 0.19020
2422 epoch: 3 step: 21 total_loss: 0.23959
2465 epoch: 3 step: 22 total_loss: 0.34777
2508 epoch: 3 step: 23 total_loss: 0.07067
2552 epoch: 3 step: 24 total_loss: 0.17609
2595 epoch: 3 step: 25 total_loss: 0.14426
2639 epoch: 4 step: 1 total_loss: 0.12333
2684 epoch: 4 step: 2 total_loss: 0.13192
2728 epoch: 4 step: 3 total_loss: 0.14177
2773 epoch: 4 step: 4 total_loss: 0.33683
2818 epoch: 4 step: 5 total_loss: 0.41596
2863 epoch: 4 step: 6 total_loss: 0.14836
2908 epoch: 4 step: 7 total_loss: 0.12587
2954 epoch: 4 step: 8 total_loss: 0.13094
3000 epoch: 4 step: 9 total_loss: 0.07393
3046 epoch: 4 step: 10 total_loss: 0.14824
3092 epoch: 4 step: 11 total_loss: 0.22968
3139 epoch: 4 step: 12 total_loss: 0.20672
3186 epoch: 4 step: 13 total_loss: 0.09544
3233 epoch: 4 step: 14 total_loss: 0.15990
3282 epoch: 4 step: 15 total_loss: 0.14700
3330 epoch: 4 step: 16 total_loss: 0.19817
3390 epoch: 4 step: 17 total_loss: 0.19010
3457 epoch: 4 step: 18 total_loss: 0.08058
3524 epoch: 4 step: 19 total_loss: 0.07106
53 epoch: 1 step: 1 total_loss: 1.54804
97 epoch: 1 step: 2 total_loss: 0.64013
141 epoch: 1 step: 3 total_loss: 0.46042
183 epoch: 1 step: 4 total_loss: 0.64122
225 epoch: 1 step: 5 total_loss: 0.31370
300 epoch: 1 step: 6 total_loss: 0.55665
342 epoch: 1 step: 7 total_loss: 0.40154
377 epoch: 1 step: 8 total_loss: 0.71299
411 epoch: 1 step: 9 total_loss: 0.44556
444 epoch: 1 step: 10 total_loss: 0.47483
476 epoch: 1 step: 11 total_loss: 0.48799
511 epoch: 1 step: 12 total_loss: 0.45944
544 epoch: 1 step: 13 total_loss: 0.43304
579 epoch: 1 step: 14 total_loss: 0.45565
612 epoch: 1 step: 15 total_loss: 0.23667
646 epoch: 1 step: 16 total_loss: 0.53668
680 epoch: 1 step: 17 total_loss: 0.46293
716 epoch: 1 step: 18 total_loss: 0.40269
751 epoch: 1 step: 19 total_loss: 0.43301
784 epoch: 1 step: 20 total_loss: 0.33891
817 epoch: 1 step: 21 total_loss: 0.25636
850 epoch: 1 step: 22 total_loss: 0.50285
883 epoch: 1 step: 23 total_loss: 0.28839
916 epoch: 1 step: 24 total_loss: 0.44797
949 epoch: 1 step: 25 total_loss: 0.52886
983 epoch: 2 step: 1 total_loss: 0.14469
46 epoch: 1 step: 1 total_loss: 0.90256
90 epoch: 1 step: 2 total_loss: 0.72837
138 epoch: 1 step: 3 total_loss: 0.71665
179 epoch: 1 step: 4 total_loss: 0.67051
219 epoch: 1 step: 5 total_loss: 0.46145
252 epoch: 1 step: 6 total_loss: 0.53217
282 epoch: 1 step: 7 total_loss: 0.42299
312 epoch: 1 step: 8 total_loss: 0.47373
345 epoch: 1 step: 9 total_loss: 0.34248
377 epoch: 1 step: 10 total_loss: 0.66105
407 epoch: 1 step: 11 total_loss: 0.27135
438 epoch: 1 step: 12 total_loss: 0.41596
469 epoch: 1 step: 13 total_loss: 0.31753
500 epoch: 1 step: 14 total_loss: 0.62245
532 epoch: 1 step: 15 total_loss: 0.20743
565 epoch: 1 step: 16 total_loss: 0.75483
598 epoch: 1 step: 17 total_loss: 0.25102
631 epoch: 1 step: 18 total_loss: 0.53809
666 epoch: 1 step: 19 total_loss: 0.54623
698 epoch: 1 step: 20 total_loss: 0.22297
735 epoch: 1 step: 21 total_loss: 0.43794
773 epoch: 1 step: 22 total_loss: 0.33675
813 epoch: 1 step: 23 total_loss: 0.25080
851 epoch: 1 step: 24 total_loss: 0.43822
889 epoch: 1 step: 25 total_loss: 0.43659
928 epoch: 2 step: 1 total_loss: 0.12339
967 epoch: 2 step: 2 total_loss: 0.25368
1002 epoch: 2 step: 3 total_loss: 0.37560
1036 epoch: 2 step: 4 total_loss: 0.48522
1074 epoch: 2 step: 5 total_loss: 0.31946
1114 epoch: 2 step: 6 total_loss: 0.16214
1154 epoch: 2 step: 7 total_loss: 0.20931
1195 epoch: 2 step: 8 total_loss: 0.42178
1241 epoch: 2 step: 9 total_loss: 0.24613
1280 epoch: 2 step: 10 total_loss: 0.19814
1319 epoch: 2 step: 11 total_loss: 0.15880
1359 epoch: 2 step: 12 total_loss: 0.48494
1398 epoch: 2 step: 13 total_loss: 0.21140
1438 epoch: 2 step: 14 total_loss: 0.26438
1476 epoch: 2 step: 15 total_loss: 0.23329
1516 epoch: 2 step: 16 total_loss: 0.16600
1556 epoch: 2 step: 17 total_loss: 0.22554
1597 epoch: 2 step: 18 total_loss: 0.19693
1638 epoch: 2 step: 19 total_loss: 0.16844
1679 epoch: 2 step: 20 total_loss: 0.26731
1722 epoch: 2 step: 21 total_loss: 0.16835
1764 epoch: 2 step: 22 total_loss: 0.32064
1806 epoch: 2 step: 23 total_loss: 0.26420
1848 epoch: 2 step: 24 total_loss: 0.20883
1891 epoch: 2 step: 25 total_loss: 0.39056
1935 epoch: 3 step: 1 total_loss: 0.19018
1977 epoch: 3 step: 2 total_loss: 0.14865
2021 epoch: 3 step: 3 total_loss: 0.15500
2065 epoch: 3 step: 4 total_loss: 0.13290
2114 epoch: 3 step: 5 total_loss: 0.20409
2164 epoch: 3 step: 6 total_loss: 0.18788
2211 epoch: 3 step: 7 total_loss: 0.18824
2261 epoch: 3 step: 8 total_loss: 0.22854
2309 epoch: 3 step: 9 total_loss: 0.19365
2385 epoch: 3 step: 10 total_loss: 0.12621
2430 epoch: 3 step: 11 total_loss: 0.16528
2472 epoch: 3 step: 12 total_loss: 0.30695
2515 epoch: 3 step: 13 total_loss: 0.12646
2560 epoch: 3 step: 14 total_loss: 0.26384
2604 epoch: 3 step: 15 total_loss: 0.22548
2649 epoch: 3 step: 16 total_loss: 0.20947
2694 epoch: 3 step: 17 total_loss: 0.22382
2738 epoch: 3 step: 18 total_loss: 0.31181
2783 epoch: 3 step: 19 total_loss: 0.47663
2827 epoch: 3 step: 20 total_loss: 0.19855
2871 epoch: 3 step: 21 total_loss: 0.24733
2916 epoch: 3 step: 22 total_loss: 0.28709
2962 epoch: 3 step: 23 total_loss: 0.18380
3009 epoch: 3 step: 24 total_loss: 0.19486
3057 epoch: 3 step: 25 total_loss: 0.17502
3106 epoch: 4 step: 1 total_loss: 0.23636
3154 epoch: 4 step: 2 total_loss: 0.15501
3201 epoch: 4 step: 3 total_loss: 0.18716
3250 epoch: 4 step: 4 total_loss: 0.29213
3297 epoch: 4 step: 5 total_loss: 0.40980
3346 epoch: 4 step: 6 total_loss: 0.26187
3394 epoch: 4 step: 7 total_loss: 0.22889
3443 epoch: 4 step: 8 total_loss: 0.13120
3492 epoch: 4 step: 9 total_loss: 0.16587
3542 epoch: 4 step: 10 total_loss: 0.22799
3591 epoch: 4 step: 11 total_loss: 0.09998
3641 epoch: 4 step: 12 total_loss: 0.17820
3691 epoch: 4 step: 13 total_loss: 0.10379
3741 epoch: 4 step: 14 total_loss: 0.22008
3792 epoch: 4 step: 15 total_loss: 0.08116
3843 epoch: 4 step: 16 total_loss: 0.19741
3894 epoch: 4 step: 17 total_loss: 0.21161
3945 epoch: 4 step: 18 total_loss: 0.19771
3997 epoch: 4 step: 19 total_loss: 0.18396
4049 epoch: 4 step: 20 total_loss: 0.23356
4101 epoch: 4 step: 21 total_loss: 0.11241
4153 epoch: 4 step: 22 total_loss: 0.18193
4206 epoch: 4 step: 23 total_loss: 0.11562
4258 epoch: 4 step: 24 total_loss: 0.10488
4311 epoch: 4 step: 25 total_loss: 0.18793
4365 epoch: 5 step: 1 total_loss: 0.15438
4418 epoch: 5 step: 2 total_loss: 0.08313
4472 epoch: 5 step: 3 total_loss: 0.16841
4526 epoch: 5 step: 4 total_loss: 0.05245
4581 epoch: 5 step: 5 total_loss: 0.18964
4635 epoch: 5 step: 6 total_loss: 0.13254
4690 epoch: 5 step: 7 total_loss: 0.22132
4745 epoch: 5 step: 8 total_loss: 0.07007
4800 epoch: 5 step: 9 total_loss: 0.14242
4856 epoch: 5 step: 10 total_loss: 0.35345
4911 epoch: 5 step: 11 total_loss: 0.12259
4967 epoch: 5 step: 12 total_loss: 0.10794
5023 epoch: 5 step: 13 total_loss: 0.14424
5080 epoch: 5 step: 14 total_loss: 0.18345
5137 epoch: 5 step: 15 total_loss: 0.18900
5193 epoch: 5 step: 16 total_loss: 0.18170
5251 epoch: 5 step: 17 total_loss: 0.15431
5308 epoch: 5 step: 18 total_loss: 0.09395
5366 epoch: 5 step: 19 total_loss: 0.18270
5564 epoch: 5 step: 20 total_loss: 0.11930
5625 epoch: 5 step: 21 total_loss: 0.12161
5686 epoch: 5 step: 22 total_loss: 0.09086
5747 epoch: 5 step: 23 total_loss: 0.06282
5809 epoch: 5 step: 24 total_loss: 0.19403
5871 epoch: 5 step: 25 total_loss: 0.17520
5934 epoch: 6 step: 1 total_loss: 0.10261
5996 epoch: 6 step: 2 total_loss: 0.06614
6059 epoch: 6 step: 3 total_loss: 0.09152
6122 epoch: 6 step: 4 total_loss: 0.15566
6185 epoch: 6 step: 5 total_loss: 0.09693
6248 epoch: 6 step: 6 total_loss: 0.17698
6311 epoch: 6 step: 7 total_loss: 0.18208
6375 epoch: 6 step: 8 total_loss: 0.09467
6439 epoch: 6 step: 9 total_loss: 0.15374
6503 epoch: 6 step: 10 total_loss: 0.08854
6568 epoch: 6 step: 11 total_loss: 0.29863
6632 epoch: 6 step: 12 total_loss: 0.10519
6697 epoch: 6 step: 13 total_loss: 0.11852
6763 epoch: 6 step: 14 total_loss: 0.16192
6828 epoch: 6 step: 15 total_loss: 0.15141
6894 epoch: 6 step: 16 total_loss: 0.20622
6960 epoch: 6 step: 17 total_loss: 0.21373
7026 epoch: 6 step: 18 total_loss: 0.14068
7093 epoch: 6 step: 19 total_loss: 0.07227
7160 epoch: 6 step: 20 total_loss: 0.16771
7227 epoch: 6 step: 21 total_loss: 0.13372
7297 epoch: 6 step: 22 total_loss: 0.35214
7366 epoch: 6 step: 23 total_loss: 0.12629
7433 epoch: 6 step: 24 total_loss: 0.12418
7501 epoch: 6 step: 25 total_loss: 0.07997
7570 epoch: 7 step: 1 total_loss: 0.19328
7639 epoch: 7 step: 2 total_loss: 0.19927
7707 epoch: 7 step: 3 total_loss: 0.08587
7776 epoch: 7 step: 4 total_loss: 0.19123
7845 epoch: 7 step: 5 total_loss: 0.16958
7915 epoch: 7 step: 6 total_loss: 0.13063
7984 epoch: 7 step: 7 total_loss: 0.26177
8054 epoch: 7 step: 8 total_loss: 0.24834
8125 epoch: 7 step: 9 total_loss: 0.13366
8195 epoch: 7 step: 10 total_loss: 0.08762
8266 epoch: 7 step: 11 total_loss: 0.15946
8337 epoch: 7 step: 12 total_loss: 0.07660
8408 epoch: 7 step: 13 total_loss: 0.14851
8480 epoch: 7 step: 14 total_loss: 0.09144
8551 epoch: 7 step: 15 total_loss: 0.10703
8623 epoch: 7 step: 16 total_loss: 0.09515
8695 epoch: 7 step: 17 total_loss: 0.14312
8768 epoch: 7 step: 18 total_loss: 0.09816
8841 epoch: 7 step: 19 total_loss: 0.07333
8914 epoch: 7 step: 20 total_loss: 0.02331
8987 epoch: 7 step: 21 total_loss: 0.06433
9060 epoch: 7 step: 22 total_loss: 0.04982
9133 epoch: 7 step: 23 total_loss: 0.21096
9207 epoch: 7 step: 24 total_loss: 0.11370
9281 epoch: 7 step: 25 total_loss: 0.12806
9356 epoch: 8 step: 1 total_loss: 0.16575
9431 epoch: 8 step: 2 total_loss: 0.19803
9506 epoch: 8 step: 3 total_loss: 0.10930
9581 epoch: 8 step: 4 total_loss: 0.07971
9656 epoch: 8 step: 5 total_loss: 0.17650
9731 epoch: 8 step: 6 total_loss: 0.12732
9807 epoch: 8 step: 7 total_loss: 0.06650
9883 epoch: 8 step: 8 total_loss: 0.08469
9959 epoch: 8 step: 9 total_loss: 0.13195
10035 epoch: 8 step: 10 total_loss: 0.07394
10109 epoch: 8 step: 11 total_loss: 0.31586
10186 epoch: 8 step: 12 total_loss: 0.10712
10268 epoch: 8 step: 13 total_loss: 0.07369
10348 epoch: 8 step: 14 total_loss: 0.13521
10425 epoch: 8 step: 15 total_loss: 0.05620
10504 epoch: 8 step: 16 total_loss: 0.13078
10581 epoch: 8 step: 17 total_loss: 0.15451
10659 epoch: 8 step: 18 total_loss: 0.12052
10738 epoch: 8 step: 19 total_loss: 0.13418
10817 epoch: 8 step: 20 total_loss: 0.16110
10894 epoch: 8 step: 21 total_loss: 0.08278
10973 epoch: 8 step: 22 total_loss: 0.12443
11052 epoch: 8 step: 23 total_loss: 0.11304

41 epoch: 1 step: 1 total_loss: nan
76 epoch: 1 step: 2 total_loss: nan
112 epoch: 1 step: 3 total_loss: nan
146 epoch: 1 step: 4 total_loss: nan
180 epoch: 1 step: 5 total_loss: nan
209 epoch: 1 step: 6 total_loss: nan
238 epoch: 1 step: 7 total_loss: nan
266 epoch: 1 step: 8 total_loss: nan
294 epoch: 1 step: 9 total_loss: nan
323 epoch: 1 step: 10 total_loss: nan
349 epoch: 1 step: 11 total_loss: nan
376 epoch: 1 step: 12 total_loss: nan
403 epoch: 1 step: 13 total_loss: nan
429 epoch: 1 step: 14 total_loss: nan
458 epoch: 1 step: 15 total_loss: nan
485 epoch: 1 step: 16 total_loss: nan
512 epoch: 1 step: 17 total_loss: nan
540 epoch: 1 step: 18 total_loss: nan
568 epoch: 1 step: 19 total_loss: nan
596 epoch: 1 step: 20 total_loss: nan
624 epoch: 1 step: 21 total_loss: nan
652 epoch: 1 step: 22 total_loss: nan
681 epoch: 1 step: 23 total_loss: nan
710 epoch: 1 step: 24 total_loss: nan
740 epoch: 1 step: 25 total_loss: nan
769 epoch: 1 step: 26 total_loss: nan
799 epoch: 1 step: 27 total_loss: nan
829 epoch: 1 step: 28 total_loss: nan
860 epoch: 1 step: 29 total_loss: nan
893 epoch: 1 step: 30 total_loss: nan
924 epoch: 1 step: 31 total_loss: nan
956 epoch: 1 step: 32 total_loss: nan
988 epoch: 1 step: 33 total_loss: nan
1020 epoch: 1 step: 34 total_loss: nan
1053 epoch: 1 step: 35 total_loss: nan
1086 epoch: 1 step: 36 total_loss: nan
1119 epoch: 1 step: 37 total_loss: nan
1152 epoch: 1 step: 38 total_loss: nan
1186 epoch: 1 step: 39 total_loss: nan
1220 epoch: 1 step: 40 total_loss: nan
1254 epoch: 1 step: 41 total_loss: nan
1288 epoch: 1 step: 42 total_loss: nan
1323 epoch: 1 step: 43 total_loss: nan
1358 epoch: 1 step: 44 total_loss: nan
1394 epoch: 1 step: 45 total_loss: nan
1429 epoch: 1 step: 46 total_loss: nan
1465 epoch: 1 step: 47 total_loss: nan
1501 epoch: 1 step: 48 total_loss: nan
1537 epoch: 1 step: 49 total_loss: nan
1574 epoch: 1 step: 50 total_loss: nan
1611 epoch: 1 step: 51 total_loss: nan
1648 epoch: 1 step: 52 total_loss: nan
1685 epoch: 1 step: 53 total_loss: nan
1723 epoch: 1 step: 54 total_loss: nan
1761 epoch: 1 step: 55 total_loss: nan
1799 epoch: 1 step: 56 total_loss: nan
1837 epoch: 1 step: 57 total_loss: nan
1876 epoch: 1 step: 58 total_loss: nan
1914 epoch: 1 step: 59 total_loss: nan
1967 epoch: 1 step: 60 total_loss: nan
2007 epoch: 1 step: 61 total_loss: nan
2048 epoch: 1 step: 62 total_loss: nan
2088 epoch: 1 step: 63 total_loss: nan
2129 epoch: 1 step: 64 total_loss: nan
2171 epoch: 1 step: 65 total_loss: nan
2212 epoch: 1 step: 66 total_loss: nan
2254 epoch: 1 step: 67 total_loss: nan
2296 epoch: 1 step: 68 total_loss: nan
2338 epoch: 1 step: 69 total_loss: nan
2380 epoch: 1 step: 70 total_loss: nan
2423 epoch: 1 step: 71 total_loss: nan
2466 epoch: 1 step: 72 total_loss: nan
2509 epoch: 1 step: 73 total_loss: nan
2553 epoch: 1 step: 74 total_loss: nan
2596 epoch: 1 step: 75 total_loss: nan
2640 epoch: 1 step: 76 total_loss: nan
2684 epoch: 1 step: 77 total_loss: nan
2729 epoch: 1 step: 78 total_loss: nan
2774 epoch: 1 step: 79 total_loss: nan
2819 epoch: 1 step: 80 total_loss: nan
2865 epoch: 1 step: 81 total_loss: nan
2910 epoch: 1 step: 82 total_loss: nan
2956 epoch: 1 step: 83 total_loss: nan
3002 epoch: 1 step: 84 total_loss: nan
3048 epoch: 1 step: 85 total_loss: nan
3094 epoch: 1 step: 86 total_loss: nan
3141 epoch: 1 step: 87 total_loss: nan
3188 epoch: 1 step: 88 total_loss: nan
3236 epoch: 1 step: 89 total_loss: nan
3283 epoch: 1 step: 90 total_loss: nan
3331 epoch: 1 step: 91 total_loss: nan
3379 epoch: 1 step: 92 total_loss: nan
3427 epoch: 1 step: 93 total_loss: nan
3476 epoch: 1 step: 94 total_loss: nan
3524 epoch: 1 step: 95 total_loss: nan
3573 epoch: 1 step: 96 total_loss: nan
3622 epoch: 1 step: 97 total_loss: nan
3672 epoch: 1 step: 98 total_loss: nan
3721 epoch: 1 step: 99 total_loss: nan
3771 epoch: 1 step: 100 total_loss: nan
3821 epoch: 1 step: 101 total_loss: nan
3871 epoch: 1 step: 102 total_loss: nan
3922 epoch: 1 step: 103 total_loss: nan
3973 epoch: 1 step: 104 total_loss: nan
4024 epoch: 1 step: 105 total_loss: nan
4076 epoch: 1 step: 106 total_loss: nan
4128 epoch: 1 step: 107 total_loss: nan
4180 epoch: 1 step: 108 total_loss: nan
4232 epoch: 1 step: 109 total_loss: nan
4284 epoch: 1 step: 110 total_loss: nan
4337 epoch: 1 step: 111 total_loss: nan
4389 epoch: 1 step: 112 total_loss: nan
4442 epoch: 1 step: 113 total_loss: nan
4496 epoch: 1 step: 114 total_loss: nan
4549 epoch: 1 step: 115 total_loss: nan
4603 epoch: 1 step: 116 total_loss: nan
4656 epoch: 1 step: 117 total_loss: nan
4711 epoch: 1 step: 118 total_loss: nan
4765 epoch: 1 step: 119 total_loss: nan
4934 epoch: 1 step: 120 total_loss: nan
4991 epoch: 1 step: 121 total_loss: nan
5048 epoch: 1 step: 122 total_loss: nan
5106 epoch: 1 step: 123 total_loss: nan
5164 epoch: 1 step: 124 total_loss: nan
5222 epoch: 1 step: 125 total_loss: nan
5281 epoch: 1 step: 126 total_loss: nan
5339 epoch: 1 step: 127 total_loss: nan
5398 epoch: 1 step: 128 total_loss: nan
5457 epoch: 1 step: 129 total_loss: nan
5516 epoch: 1 step: 130 total_loss: nan
5576 epoch: 1 step: 131 total_loss: nan
5636 epoch: 1 step: 132 total_loss: nan
5696 epoch: 1 step: 133 total_loss: nan
5757 epoch: 1 step: 134 total_loss: nan
5817 epoch: 1 step: 135 total_loss: nan
5878 epoch: 1 step: 136 total_loss: nan
5939 epoch: 1 step: 137 total_loss: nan
6001 epoch: 1 step: 138 total_loss: nan
6062 epoch: 1 step: 139 total_loss: nan
6124 epoch: 1 step: 140 total_loss: nan
6186 epoch: 1 step: 141 total_loss: nan
6248 epoch: 1 step: 142 total_loss: nan
6311 epoch: 1 step: 143 total_loss: nan
6373 epoch: 1 step: 144 total_loss: nan
6436 epoch: 1 step: 145 total_loss: nan
6500 epoch: 1 step: 146 total_loss: nan
6563 epoch: 1 step: 147 total_loss: nan
6627 epoch: 1 step: 148 total_loss: nan
6690 epoch: 1 step: 149 total_loss: nan
6755 epoch: 1 step: 150 total_loss: nan
6819 epoch: 1 step: 151 total_loss: nan
6883 epoch: 1 step: 152 total_loss: nan
6948 epoch: 1 step: 153 total_loss: nan
7013 epoch: 1 step: 154 total_loss: nan
7078 epoch: 1 step: 155 total_loss: nan
7144 epoch: 1 step: 156 total_loss: nan
7210 epoch: 1 step: 157 total_loss: nan
7276 epoch: 1 step: 158 total_loss: nan
7342 epoch: 1 step: 159 total_loss: nan
7409 epoch: 1 step: 160 total_loss: nan
7475 epoch: 1 step: 161 total_loss: nan
7542 epoch: 1 step: 162 total_loss: nan
7609 epoch: 1 step: 163 total_loss: nan
7677 epoch: 1 step: 164 total_loss: nan
7745 epoch: 1 step: 165 total_loss: nan
7813 epoch: 1 step: 166 total_loss: nan
7881 epoch: 1 step: 167 total_loss: nan
7949 epoch: 1 step: 168 total_loss: nan
8018 epoch: 1 step: 169 total_loss: nan
8087 epoch: 1 step: 170 total_loss: nan
8156 epoch: 1 step: 171 total_loss: nan
8225 epoch: 1 step: 172 total_loss: nan
8295 epoch: 1 step: 173 total_loss: nan
8365 epoch: 1 step: 174 total_loss: nan
8435 epoch: 1 step: 175 total_loss: nan
8505 epoch: 1 step: 176 total_loss: nan
8576 epoch: 1 step: 177 total_loss: nan
8647 epoch: 1 step: 178 total_loss: nan
8717 epoch: 1 step: 179 total_loss: nan
8789 epoch: 1 step: 180 total_loss: nan
8860 epoch: 1 step: 181 total_loss: nan
8932 epoch: 1 step: 182 total_loss: nan
9004 epoch: 1 step: 183 total_loss: nan
9076 epoch: 1 step: 184 total_loss: nan
9148 epoch: 1 step: 185 total_loss: nan
9221 epoch: 1 step: 186 total_loss: nan
9294 epoch: 1 step: 187 total_loss: nan
9367 epoch: 1 step: 188 total_loss: nan
9440 epoch: 1 step: 189 total_loss: nan
9514 epoch: 1 step: 190 total_loss: nan
9587 epoch: 1 step: 191 total_loss: nan
9661 epoch: 1 step: 192 total_loss: nan
9736 epoch: 1 step: 193 total_loss: nan
9810 epoch: 1 step: 194 total_loss: nan
9885 epoch: 1 step: 195 total_loss: nan
9960 epoch: 1 step: 196 total_loss: nan
10035 epoch: 1 step: 197 total_loss: nan
10110 epoch: 1 step: 198 total_loss: nan
10186 epoch: 1 step: 199 total_loss: nan
10262 epoch: 1 step: 200 total_loss: nan
10338 epoch: 1 step: 201 total_loss: nan
10414 epoch: 1 step: 202 total_loss: nan
10491 epoch: 1 step: 203 total_loss: nan
10568 epoch: 1 step: 204 total_loss: nan
10645 epoch: 1 step: 205 total_loss: nan
10722 epoch: 1 step: 206 total_loss: nan
10800 epoch: 1 step: 207 total_loss: nan
10877 epoch: 1 step: 208 total_loss: nan
10955 epoch: 1 step: 209 total_loss: nan
11034 epoch: 1 step: 210 total_loss: nan
11113 epoch: 1 step: 211 total_loss: nan
11192 epoch: 1 step: 212 total_loss: nan
11271 epoch: 1 step: 213 total_loss: nan
11351 epoch: 1 step: 214 total_loss: nan
11430 epoch: 1 step: 215 total_loss: nan
11509 epoch: 1 step: 216 total_loss: nan
11589 epoch: 1 step: 217 total_loss: nan
11669 epoch: 1 step: 218 total_loss: nan
11750 epoch: 1 step: 219 total_loss: nan
11830 epoch: 1 step: 220 total_loss: nan
11911 epoch: 1 step: 221 total_loss: nan
11992 epoch: 1 step: 222 total_loss: nan
12073 epoch: 1 step: 223 total_loss: nan
12154 epoch: 1 step: 224 total_loss: nan
12236 epoch: 1 step: 225 total_loss: nan
12318 epoch: 1 step: 226 total_loss: nan
12400 epoch: 1 step: 227 total_loss: nan
12483 epoch: 1 step: 228 total_loss: nan
12565 epoch: 1 step: 229 total_loss: nan
12648 epoch: 1 step: 230 total_loss: nan
12731 epoch: 1 step: 231 total_loss: nan
12815 epoch: 1 step: 232 total_loss: nan
12898 epoch: 1 step: 233 total_loss: nan
12982 epoch: 1 step: 234 total_loss: nan
13066 epoch: 1 step: 235 total_loss: nan
13150 epoch: 1 step: 236 total_loss: nan
13235 epoch: 1 step: 237 total_loss: nan
13319 epoch: 1 step: 238 total_loss: nan
13404 epoch: 1 step: 239 total_loss: nan
14098 epoch: 1 step: 240 total_loss: nan
14189 epoch: 1 step: 241 total_loss: nan
14280 epoch: 1 step: 242 total_loss: nan
14371 epoch: 1 step: 243 total_loss: nan
14463 epoch: 1 step: 244 total_loss: nan
14554 epoch: 1 step: 245 total_loss: nan
14646 epoch: 1 step: 246 total_loss: nan
14739 epoch: 1 step: 247 total_loss: nan
14831 epoch: 1 step: 248 total_loss: nan
14924 epoch: 1 step: 249 total_loss: nan
15017 epoch: 1 step: 250 total_loss: nan
15111 epoch: 2 step: 1 total_loss: nan
15205 epoch: 2 step: 2 total_loss: nan
15298 epoch: 2 step: 3 total_loss: nan
15392 epoch: 2 step: 4 total_loss: nan
15486 epoch: 2 step: 5 total_loss: nan
15580 epoch: 2 step: 6 total_loss: nan
15675 epoch: 2 step: 7 total_loss: nan
15770 epoch: 2 step: 8 total_loss: nan
15865 epoch: 2 step: 9 total_loss: nan
15960 epoch: 2 step: 10 total_loss: nan
16056 epoch: 2 step: 11 total_loss: nan
16152 epoch: 2 step: 12 total_loss: nan
16248 epoch: 2 step: 13 total_loss: nan
16344 epoch: 2 step: 14 total_loss: nan
16440 epoch: 2 step: 15 total_loss: nan
16537 epoch: 2 step: 16 total_loss: nan
16633 epoch: 2 step: 17 total_loss: nan
16731 epoch: 2 step: 18 total_loss: nan
16828 epoch: 2 step: 19 total_loss: nan
16926 epoch: 2 step: 20 total_loss: nan
17024 epoch: 2 step: 21 total_loss: nan
17122 epoch: 2 step: 22 total_loss: nan
17220 epoch: 2 step: 23 total_loss: nan
17319 epoch: 2 step: 24 total_loss: nan
17418 epoch: 2 step: 25 total_loss: nan
17517 epoch: 2 step: 26 total_loss: nan
17616 epoch: 2 step: 27 total_loss: nan
17716 epoch: 2 step: 28 total_loss: nan
17816 epoch: 2 step: 29 total_loss: nan
17916 epoch: 2 step: 30 total_loss: nan
18016 epoch: 2 step: 31 total_loss: nan
18116 epoch: 2 step: 32 total_loss: nan
18216 epoch: 2 step: 33 total_loss: nan
18317 epoch: 2 step: 34 total_loss: nan
18418 epoch: 2 step: 35 total_loss: nan
18520 epoch: 2 step: 36 total_loss: nan
18622 epoch: 2 step: 37 total_loss: nan
18724 epoch: 2 step: 38 total_loss: nan
18826 epoch: 2 step: 39 total_loss: nan
18928 epoch: 2 step: 40 total_loss: nan
19031 epoch: 2 step: 41 total_loss: nan
19134 epoch: 2 step: 42 total_loss: nan
19236 epoch: 2 step: 43 total_loss: nan
19340 epoch: 2 step: 44 total_loss: nan
19443 epoch: 2 step: 45 total_loss: nan
19547 epoch: 2 step: 46 total_loss: nan
19651 epoch: 2 step: 47 total_loss: nan
19755 epoch: 2 step: 48 total_loss: nan
19860 epoch: 2 step: 49 total_loss: nan
19964 epoch: 2 step: 50 total_loss: nan
20069 epoch: 2 step: 51 total_loss: nan
20174 epoch: 2 step: 52 total_loss: nan
20280 epoch: 2 step: 53 total_loss: nan
20385 epoch: 2 step: 54 total_loss: nan
20491 epoch: 2 step: 55 total_loss: nan
20597 epoch: 2 step: 56 total_loss: nan
20703 epoch: 2 step: 57 total_loss: nan
20810 epoch: 2 step: 58 total_loss: nan
20917 epoch: 2 step: 59 total_loss: nan
21024 epoch: 2 step: 60 total_loss: nan
21131 epoch: 2 step: 61 total_loss: nan
21239 epoch: 2 step: 62 total_loss: nan
21346 epoch: 2 step: 63 total_loss: nan
21454 epoch: 2 step: 64 total_loss: nan
21562 epoch: 2 step: 65 total_loss: nan
21671 epoch: 2 step: 66 total_loss: nan
21779 epoch: 2 step: 67 total_loss: nan
21888 epoch: 2 step: 68 total_loss: nan
21997 epoch: 2 step: 69 total_loss: nan
22107 epoch: 2 step: 70 total_loss: nan
22216 epoch: 2 step: 71 total_loss: nan
22326 epoch: 2 step: 72 total_loss: nan
22436 epoch: 2 step: 73 total_loss: nan
22546 epoch: 2 step: 74 total_loss: nan
22657 epoch: 2 step: 75 total_loss: nan
22768 epoch: 2 step: 76 total_loss: nan
22878 epoch: 2 step: 77 total_loss: nan
22990 epoch: 2 step: 78 total_loss: nan
23101 epoch: 2 step: 79 total_loss: nan
23213 epoch: 2 step: 80 total_loss: nan
23324 epoch: 2 step: 81 total_loss: nan
23436 epoch: 2 step: 82 total_loss: nan
23548 epoch: 2 step: 83 total_loss: nan
23661 epoch: 2 step: 84 total_loss: nan
23773 epoch: 2 step: 85 total_loss: nan
23886 epoch: 2 step: 86 total_loss: nan
23999 epoch: 2 step: 87 total_loss: nan
24113 epoch: 2 step: 88 total_loss: nan
24226 epoch: 2 step: 89 total_loss: nan
24340 epoch: 2 step: 90 total_loss: nan
24454 epoch: 2 step: 91 total_loss: nan
24568 epoch: 2 step: 92 total_loss: nan
24683 epoch: 2 step: 93 total_loss: nan
24798 epoch: 2 step: 94 total_loss: nan
24913 epoch: 2 step: 95 total_loss: nan
25028 epoch: 2 step: 96 total_loss: nan
25143 epoch: 2 step: 97 total_loss: nan
25259 epoch: 2 step: 98 total_loss: nan
25375 epoch: 2 step: 99 total_loss: nan
25491 epoch: 2 step: 100 total_loss: nan
25607 epoch: 2 step: 101 total_loss: nan
25725 epoch: 2 step: 102 total_loss: nan
25842 epoch: 2 step: 103 total_loss: nan
25959 epoch: 2 step: 104 total_loss: nan
26076 epoch: 2 step: 105 total_loss: nan
26194 epoch: 2 step: 106 total_loss: nan
26312 epoch: 2 step: 107 total_loss: nan
26430 epoch: 2 step: 108 total_loss: nan
41 epoch: 1 step: 1 total_loss: 0.96890
78 epoch: 1 step: 2 total_loss: 0.99765
114 epoch: 1 step: 3 total_loss: 0.80141
150 epoch: 1 step: 4 total_loss: 0.66499
185 epoch: 1 step: 5 total_loss: 0.67646
214 epoch: 1 step: 6 total_loss: 0.52113
243 epoch: 1 step: 7 total_loss: 0.42337
271 epoch: 1 step: 8 total_loss: 0.42901
300 epoch: 1 step: 9 total_loss: 0.36287
329 epoch: 1 step: 10 total_loss: 0.47776
356 epoch: 1 step: 11 total_loss: 0.25301
41 epoch: 1 step: 1 total_loss: 1.02056
78 epoch: 1 step: 2 total_loss: 0.72736
114 epoch: 1 step: 3 total_loss: 0.67320
149 epoch: 1 step: 4 total_loss: 0.58407
183 epoch: 1 step: 5 total_loss: 0.36698
213 epoch: 1 step: 6 total_loss: 0.38081
241 epoch: 1 step: 7 total_loss: 0.34451
269 epoch: 1 step: 8 total_loss: 0.43548
298 epoch: 1 step: 9 total_loss: 0.37245
326 epoch: 1 step: 10 total_loss: 0.37550
353 epoch: 1 step: 11 total_loss: 0.36406
380 epoch: 1 step: 12 total_loss: 0.88349
407 epoch: 1 step: 13 total_loss: 0.45823
435 epoch: 1 step: 14 total_loss: 0.23301
463 epoch: 1 step: 15 total_loss: 0.18202
491 epoch: 1 step: 16 total_loss: 0.47230
519 epoch: 1 step: 17 total_loss: 0.38998
547 epoch: 1 step: 18 total_loss: 0.28921
575 epoch: 1 step: 19 total_loss: 0.37711
604 epoch: 1 step: 20 total_loss: 0.37737
632 epoch: 1 step: 21 total_loss: 0.39845
661 epoch: 1 step: 22 total_loss: 0.38710
691 epoch: 1 step: 23 total_loss: 0.46077
720 epoch: 1 step: 24 total_loss: 0.17579
750 epoch: 1 step: 25 total_loss: 0.26706
780 epoch: 1 step: 26 total_loss: 0.28456
810 epoch: 1 step: 27 total_loss: 0.55916
841 epoch: 1 step: 28 total_loss: 0.26801
872 epoch: 1 step: 29 total_loss: 0.25707
906 epoch: 1 step: 30 total_loss: 0.26879
938 epoch: 1 step: 31 total_loss: 0.21675
970 epoch: 1 step: 32 total_loss: 0.19990
1003 epoch: 1 step: 33 total_loss: 0.22144
1035 epoch: 1 step: 34 total_loss: 0.29089
1069 epoch: 1 step: 35 total_loss: 0.22477
1102 epoch: 1 step: 36 total_loss: 0.12687
1136 epoch: 1 step: 37 total_loss: 0.19718
1171 epoch: 1 step: 38 total_loss: 0.11313
1205 epoch: 1 step: 39 total_loss: 0.29961
1239 epoch: 1 step: 40 total_loss: 0.12929
1274 epoch: 1 step: 41 total_loss: 0.15975
1309 epoch: 1 step: 42 total_loss: 0.35056
1344 epoch: 1 step: 43 total_loss: 0.34891
1380 epoch: 1 step: 44 total_loss: 0.23994
1416 epoch: 1 step: 45 total_loss: 0.33329
1453 epoch: 1 step: 46 total_loss: 0.33631
1489 epoch: 1 step: 47 total_loss: 0.19702
1526 epoch: 1 step: 48 total_loss: 0.11043
1563 epoch: 1 step: 49 total_loss: 0.25229
1600 epoch: 1 step: 50 total_loss: 0.33907
1638 epoch: 2 step: 1 total_loss: 0.22187
1676 epoch: 2 step: 2 total_loss: 0.25238
1714 epoch: 2 step: 3 total_loss: 0.18171
1752 epoch: 2 step: 4 total_loss: 0.34894
1791 epoch: 2 step: 5 total_loss: 0.18424
1829 epoch: 2 step: 6 total_loss: 0.12887
1868 epoch: 2 step: 7 total_loss: 0.10152
1908 epoch: 2 step: 8 total_loss: 0.19959
1947 epoch: 2 step: 9 total_loss: 0.09214
2001 epoch: 2 step: 10 total_loss: 0.25963
2042 epoch: 2 step: 11 total_loss: 0.13105
2083 epoch: 2 step: 12 total_loss: 0.19592
2124 epoch: 2 step: 13 total_loss: 0.21944
2167 epoch: 2 step: 14 total_loss: 0.12322
2209 epoch: 2 step: 15 total_loss: 0.11280
2251 epoch: 2 step: 16 total_loss: 0.16517
2293 epoch: 2 step: 17 total_loss: 0.28159
2336 epoch: 2 step: 18 total_loss: 0.15851
2379 epoch: 2 step: 19 total_loss: 0.43206
2423 epoch: 2 step: 20 total_loss: 0.27131
2466 epoch: 2 step: 21 total_loss: 0.43255
2510 epoch: 2 step: 22 total_loss: 0.25866
2554 epoch: 2 step: 23 total_loss: 0.17553
2598 epoch: 2 step: 24 total_loss: 0.15623
2643 epoch: 2 step: 25 total_loss: 0.25012
2688 epoch: 2 step: 26 total_loss: 0.23064
2733 epoch: 2 step: 27 total_loss: 0.21819
2778 epoch: 2 step: 28 total_loss: 0.24463
2824 epoch: 2 step: 29 total_loss: 0.23943
2869 epoch: 2 step: 30 total_loss: 0.15916
2916 epoch: 2 step: 31 total_loss: 0.18258
2962 epoch: 2 step: 32 total_loss: 0.21212
3009 epoch: 2 step: 33 total_loss: 0.23663
3055 epoch: 2 step: 34 total_loss: 0.17654
3103 epoch: 2 step: 35 total_loss: 0.13229
3150 epoch: 2 step: 36 total_loss: 0.35409
3198 epoch: 2 step: 37 total_loss: 0.23060
3245 epoch: 2 step: 38 total_loss: 0.20622
3294 epoch: 2 step: 39 total_loss: 0.10746
3342 epoch: 2 step: 40 total_loss: 0.11130
3390 epoch: 2 step: 41 total_loss: 0.10195
3439 epoch: 2 step: 42 total_loss: 0.13783
3489 epoch: 2 step: 43 total_loss: 0.13571
3538 epoch: 2 step: 44 total_loss: 0.31543
3587 epoch: 2 step: 45 total_loss: 0.16145
3637 epoch: 2 step: 46 total_loss: 0.18691
3687 epoch: 2 step: 47 total_loss: 0.10464
3737 epoch: 2 step: 48 total_loss: 0.17934
3788 epoch: 2 step: 49 total_loss: 0.10205
3838 epoch: 2 step: 50 total_loss: -0.14900
3890 epoch: 3 step: 1 total_loss: 0.21480
3941 epoch: 3 step: 2 total_loss: 0.26206
3992 epoch: 3 step: 3 total_loss: 0.21166
4044 epoch: 3 step: 4 total_loss: 0.15298
4096 epoch: 3 step: 5 total_loss: 0.07585
4148 epoch: 3 step: 6 total_loss: 0.10880
4201 epoch: 3 step: 7 total_loss: 0.19335
4253 epoch: 3 step: 8 total_loss: 0.11786
4306 epoch: 3 step: 9 total_loss: 0.08710
4359 epoch: 3 step: 10 total_loss: 0.06492
4413 epoch: 3 step: 11 total_loss: 0.24035
4466 epoch: 3 step: 12 total_loss: 0.16361
4521 epoch: 3 step: 13 total_loss: 0.19682
4575 epoch: 3 step: 14 total_loss: 0.25438
4629 epoch: 3 step: 15 total_loss: 0.09610
4684 epoch: 3 step: 16 total_loss: 0.10513
4739 epoch: 3 step: 17 total_loss: 0.06402
4794 epoch: 3 step: 18 total_loss: 0.14742
4849 epoch: 3 step: 19 total_loss: 0.13423
5020 epoch: 3 step: 20 total_loss: 0.20027
5078 epoch: 3 step: 21 total_loss: 0.09869
5137 epoch: 3 step: 22 total_loss: 0.14417
5195 epoch: 3 step: 23 total_loss: 0.09357
5254 epoch: 3 step: 24 total_loss: 0.17379
5313 epoch: 3 step: 25 total_loss: 0.19414
5372 epoch: 3 step: 26 total_loss: 0.07029
5432 epoch: 3 step: 27 total_loss: 0.32210
5492 epoch: 3 step: 28 total_loss: 0.25876
5552 epoch: 3 step: 29 total_loss: 0.13786
5612 epoch: 3 step: 30 total_loss: 0.11182
5673 epoch: 3 step: 31 total_loss: 0.21864
5733 epoch: 3 step: 32 total_loss: 0.12684
5794 epoch: 3 step: 33 total_loss: 0.16809
5856 epoch: 3 step: 34 total_loss: 0.22618
5918 epoch: 3 step: 35 total_loss: 0.10699
5980 epoch: 3 step: 36 total_loss: 0.20337
6042 epoch: 3 step: 37 total_loss: 0.16483
6104 epoch: 3 step: 38 total_loss: 0.11223
6167 epoch: 3 step: 39 total_loss: 0.19118
6230 epoch: 3 step: 40 total_loss: 0.12370
6293 epoch: 3 step: 41 total_loss: 0.29205
6356 epoch: 3 step: 42 total_loss: 0.08770
6419 epoch: 3 step: 43 total_loss: 0.17544
6483 epoch: 3 step: 44 total_loss: 0.11969
6547 epoch: 3 step: 45 total_loss: 0.11557
6611 epoch: 3 step: 46 total_loss: 0.11682
6676 epoch: 3 step: 47 total_loss: 0.05225
6740 epoch: 3 step: 48 total_loss: 0.12586
6806 epoch: 3 step: 49 total_loss: 0.14091
6871 epoch: 3 step: 50 total_loss: 0.07774
6937 epoch: 4 step: 1 total_loss: 0.16863
7003 epoch: 4 step: 2 total_loss: 0.18879
7068 epoch: 4 step: 3 total_loss: 0.12976
7134 epoch: 4 step: 4 total_loss: 0.06652
7201 epoch: 4 step: 5 total_loss: 0.09209
7267 epoch: 4 step: 6 total_loss: 0.15568
7334 epoch: 4 step: 7 total_loss: 0.20878
7401 epoch: 4 step: 8 total_loss: 0.09778
7468 epoch: 4 step: 9 total_loss: 0.08451
7536 epoch: 4 step: 10 total_loss: 0.16631
7603 epoch: 4 step: 11 total_loss: 0.14027
7671 epoch: 4 step: 12 total_loss: 0.10614
7740 epoch: 4 step: 13 total_loss: 0.11557
7808 epoch: 4 step: 14 total_loss: 0.08546
7876 epoch: 4 step: 15 total_loss: 0.07741
7945 epoch: 4 step: 16 total_loss: 0.08284
8014 epoch: 4 step: 17 total_loss: 0.08564
8087 epoch: 4 step: 18 total_loss: 0.11047
8172 epoch: 4 step: 19 total_loss: 0.07005
8253 epoch: 4 step: 20 total_loss: 0.12370
8330 epoch: 4 step: 21 total_loss: 0.11490
8406 epoch: 4 step: 22 total_loss: 0.06871
8482 epoch: 4 step: 23 total_loss: 0.06610
8562 epoch: 4 step: 24 total_loss: 0.16705
8643 epoch: 4 step: 25 total_loss: 0.08739
8724 epoch: 4 step: 26 total_loss: 0.09113
8805 epoch: 4 step: 27 total_loss: 0.12558
8883 epoch: 4 step: 28 total_loss: 0.15051
8959 epoch: 4 step: 29 total_loss: 0.18279
9036 epoch: 4 step: 30 total_loss: 0.07642
9113 epoch: 4 step: 31 total_loss: 0.05952
9192 epoch: 4 step: 32 total_loss: 0.06734
9272 epoch: 4 step: 33 total_loss: 0.21237
9356 epoch: 4 step: 34 total_loss: 0.09585
9440 epoch: 4 step: 35 total_loss: 0.07878
9520 epoch: 4 step: 36 total_loss: 0.13402
9601 epoch: 4 step: 37 total_loss: 0.05563
9681 epoch: 4 step: 38 total_loss: 0.10235
9760 epoch: 4 step: 39 total_loss: 0.08408
9840 epoch: 4 step: 40 total_loss: 0.10066
9922 epoch: 4 step: 41 total_loss: 0.13585
10004 epoch: 4 step: 42 total_loss: 0.05394
10088 epoch: 4 step: 43 total_loss: 0.20944
10170 epoch: 4 step: 44 total_loss: 0.06626
10254 epoch: 4 step: 45 total_loss: 0.12378
10338 epoch: 4 step: 46 total_loss: 0.05386
10424 epoch: 4 step: 47 total_loss: 0.07510
10509 epoch: 4 step: 48 total_loss: 0.38669
10595 epoch: 4 step: 49 total_loss: 0.12171
10684 epoch: 4 step: 50 total_loss: 0.10397
10773 epoch: 5 step: 1 total_loss: 0.10974
10865 epoch: 5 step: 2 total_loss: 0.09882
10956 epoch: 5 step: 3 total_loss: 0.10247
11042 epoch: 5 step: 4 total_loss: 0.21836
11135 epoch: 5 step: 5 total_loss: 0.12108
11227 epoch: 5 step: 6 total_loss: 0.15077
11314 epoch: 5 step: 7 total_loss: 0.02967
11405 epoch: 5 step: 8 total_loss: 0.08084
11492 epoch: 5 step: 9 total_loss: 0.15163
11580 epoch: 5 step: 10 total_loss: 0.11631
11670 epoch: 5 step: 11 total_loss: 0.09154
11757 epoch: 5 step: 12 total_loss: 0.14274
11855 epoch: 5 step: 13 total_loss: 0.11442
11944 epoch: 5 step: 14 total_loss: 0.14531
12033 epoch: 5 step: 15 total_loss: 0.10056
12121 epoch: 5 step: 16 total_loss: 0.09756
12204 epoch: 5 step: 17 total_loss: 0.13306
12286 epoch: 5 step: 18 total_loss: 0.15455
12368 epoch: 5 step: 19 total_loss: 0.07962
12450 epoch: 5 step: 20 total_loss: 0.09226
12532 epoch: 5 step: 21 total_loss: 0.14607
12615 epoch: 5 step: 22 total_loss: 0.07264
12698 epoch: 5 step: 23 total_loss: 0.26423
12781 epoch: 5 step: 24 total_loss: -0.45749
12864 epoch: 5 step: 25 total_loss: 0.22331
12948 epoch: 5 step: 26 total_loss: 0.11854
13031 epoch: 5 step: 27 total_loss: 0.13086
13116 epoch: 5 step: 28 total_loss: 0.16212
13203 epoch: 5 step: 29 total_loss: 0.14813
13296 epoch: 5 step: 30 total_loss: 0.07852
13391 epoch: 5 step: 31 total_loss: 0.15244
13485 epoch: 5 step: 32 total_loss: 0.29991
13578 epoch: 5 step: 33 total_loss: 0.19965
13672 epoch: 5 step: 34 total_loss: 0.09007
13765 epoch: 5 step: 35 total_loss: 0.10778
13863 epoch: 5 step: 36 total_loss: 0.13208
13959 epoch: 5 step: 37 total_loss: 0.07952
14053 epoch: 5 step: 38 total_loss: 0.13779
14149 epoch: 5 step: 39 total_loss: 0.05242
14984 epoch: 5 step: 40 total_loss: 0.13659
15084 epoch: 5 step: 41 total_loss: 0.16832
15186 epoch: 5 step: 42 total_loss: 0.09158
15288 epoch: 5 step: 43 total_loss: 0.15785
15392 epoch: 5 step: 44 total_loss: 0.09570
15497 epoch: 5 step: 45 total_loss: 0.16033
15602 epoch: 5 step: 46 total_loss: 0.15589
15708 epoch: 5 step: 47 total_loss: 0.06499
15813 epoch: 5 step: 48 total_loss: 0.08079
15919 epoch: 5 step: 49 total_loss: 0.11567
16025 epoch: 5 step: 50 total_loss: 0.07248
16134 epoch: 6 step: 1 total_loss: 0.11402
45 epoch: 1 step: 1 total_loss: 1.55432
83 epoch: 1 step: 2 total_loss: 1.52353
122 epoch: 1 step: 3 total_loss: 1.08394
158 epoch: 1 step: 4 total_loss: 0.77828
192 epoch: 1 step: 5 total_loss: 0.53244
42 epoch: 1 step: 1 total_loss: 0.20114
79 epoch: 1 step: 2 total_loss: 0.08016
116 epoch: 1 step: 3 total_loss: 0.11679
153 epoch: 1 step: 4 total_loss: 0.13442
189 epoch: 1 step: 5 total_loss: 0.14590
222 epoch: 1 step: 6 total_loss: 0.09019
252 epoch: 1 step: 7 total_loss: 0.03839
281 epoch: 1 step: 8 total_loss: 0.08664
310 epoch: 1 step: 9 total_loss: 0.12204
339 epoch: 1 step: 10 total_loss: 0.14635
367 epoch: 1 step: 11 total_loss: 0.08313
394 epoch: 1 step: 12 total_loss: 0.10583
422 epoch: 1 step: 13 total_loss: 0.10087
451 epoch: 1 step: 14 total_loss: 0.11011
480 epoch: 1 step: 15 total_loss: 0.18090
508 epoch: 1 step: 16 total_loss: 0.21265
537 epoch: 1 step: 17 total_loss: 0.12378
566 epoch: 1 step: 18 total_loss: 0.06326
595 epoch: 1 step: 19 total_loss: 0.04367
624 epoch: 1 step: 20 total_loss: 0.09622
654 epoch: 1 step: 21 total_loss: 0.11591
684 epoch: 1 step: 22 total_loss: 0.10415
714 epoch: 1 step: 23 total_loss: 0.13454
744 epoch: 1 step: 24 total_loss: 0.03995
775 epoch: 1 step: 25 total_loss: 0.05097
808 epoch: 1 step: 26 total_loss: 0.04829
840 epoch: 1 step: 27 total_loss: 0.20437
872 epoch: 1 step: 28 total_loss: 0.14968
904 epoch: 1 step: 29 total_loss: 0.06227
940 epoch: 1 step: 30 total_loss: 0.14305
974 epoch: 1 step: 31 total_loss: 0.08063
1008 epoch: 1 step: 32 total_loss: 0.06031
1042 epoch: 1 step: 33 total_loss: 0.11347
1076 epoch: 1 step: 34 total_loss: 0.14276
1110 epoch: 1 step: 35 total_loss: 0.10781
1146 epoch: 1 step: 36 total_loss: 0.07454
1181 epoch: 1 step: 37 total_loss: 0.06562
1216 epoch: 1 step: 38 total_loss: 0.04083
1251 epoch: 1 step: 39 total_loss: 0.18882
1287 epoch: 1 step: 40 total_loss: 0.06670
1322 epoch: 1 step: 41 total_loss: 0.07467
1358 epoch: 1 step: 42 total_loss: 0.08714
1394 epoch: 1 step: 43 total_loss: 0.18722
1432 epoch: 1 step: 44 total_loss: 0.09814
1469 epoch: 1 step: 45 total_loss: 0.10910
1507 epoch: 1 step: 46 total_loss: 0.23848
1545 epoch: 1 step: 47 total_loss: 0.09430
1584 epoch: 1 step: 48 total_loss: 0.04839
1623 epoch: 1 step: 49 total_loss: 0.08793
1662 epoch: 1 step: 50 total_loss: 0.11822
1702 epoch: 2 step: 1 total_loss: 0.06515
1741 epoch: 2 step: 2 total_loss: 0.06751
1781 epoch: 2 step: 3 total_loss: 0.15007
1822 epoch: 2 step: 4 total_loss: 0.21135
1861 epoch: 2 step: 5 total_loss: 0.08878
1903 epoch: 2 step: 6 total_loss: 0.04426
1945 epoch: 2 step: 7 total_loss: 0.04211
1986 epoch: 2 step: 8 total_loss: 0.03922
2029 epoch: 2 step: 9 total_loss: 0.04842
2093 epoch: 2 step: 10 total_loss: 0.09736
2141 epoch: 2 step: 11 total_loss: 0.10946
2194 epoch: 2 step: 12 total_loss: 0.06421
2245 epoch: 2 step: 13 total_loss: 0.05384
2296 epoch: 2 step: 14 total_loss: 0.05871
2347 epoch: 2 step: 15 total_loss: 0.07378
2398 epoch: 2 step: 16 total_loss: 0.08959
2448 epoch: 2 step: 17 total_loss: 0.13007
2500 epoch: 2 step: 18 total_loss: 0.05977
2551 epoch: 2 step: 19 total_loss: -0.72792
2601 epoch: 2 step: 20 total_loss: 0.12850
2651 epoch: 2 step: 21 total_loss: 0.31840
2702 epoch: 2 step: 22 total_loss: -0.32646
2752 epoch: 2 step: 23 total_loss: 0.10396
2807 epoch: 2 step: 24 total_loss: 0.07127
2862 epoch: 2 step: 25 total_loss: 0.17141
2914 epoch: 2 step: 26 total_loss: 0.09954
2966 epoch: 2 step: 27 total_loss: 0.11902
3021 epoch: 2 step: 28 total_loss: 0.20123
3076 epoch: 2 step: 29 total_loss: 0.12033
3130 epoch: 2 step: 30 total_loss: 0.13723
3181 epoch: 2 step: 31 total_loss: 0.10845
3236 epoch: 2 step: 32 total_loss: 0.09145
3292 epoch: 2 step: 33 total_loss: 0.16113
3348 epoch: 2 step: 34 total_loss: 0.10103
3403 epoch: 2 step: 35 total_loss: 0.16138
3458 epoch: 2 step: 36 total_loss: 0.18590
3516 epoch: 2 step: 37 total_loss: 0.14707
3571 epoch: 2 step: 38 total_loss: 0.12666
3629 epoch: 2 step: 39 total_loss: 0.07060
3689 epoch: 2 step: 40 total_loss: 0.09897
3748 epoch: 2 step: 41 total_loss: 0.10265
3806 epoch: 2 step: 42 total_loss: 0.12421
3866 epoch: 2 step: 43 total_loss: 0.11927
3922 epoch: 2 step: 44 total_loss: 0.24437
3973 epoch: 2 step: 45 total_loss: 0.08687
4023 epoch: 2 step: 46 total_loss: 0.06919
4073 epoch: 2 step: 47 total_loss: 0.07239
4123 epoch: 2 step: 48 total_loss: 0.13546
4174 epoch: 2 step: 49 total_loss: 0.06852
4225 epoch: 2 step: 50 total_loss: -2.21534
4276 epoch: 3 step: 1 total_loss: 0.10784
4327 epoch: 3 step: 2 total_loss: 0.13135
4379 epoch: 3 step: 3 total_loss: 0.15215
4431 epoch: 3 step: 4 total_loss: 0.10868
4483 epoch: 3 step: 5 total_loss: 0.05637
4535 epoch: 3 step: 6 total_loss: 0.13746
4588 epoch: 3 step: 7 total_loss: 0.09163
4640 epoch: 3 step: 8 total_loss: 0.03291
4694 epoch: 3 step: 9 total_loss: 0.13682
4749 epoch: 3 step: 10 total_loss: 0.11966
4806 epoch: 3 step: 11 total_loss: 0.26113
4860 epoch: 3 step: 12 total_loss: 0.18426
4914 epoch: 3 step: 13 total_loss: 0.16232
4968 epoch: 3 step: 14 total_loss: 0.21596
5022 epoch: 3 step: 15 total_loss: 0.05155
5077 epoch: 3 step: 16 total_loss: 0.07006
5131 epoch: 3 step: 17 total_loss: 0.06025
5186 epoch: 3 step: 18 total_loss: 0.04654
5242 epoch: 3 step: 19 total_loss: 0.14293
5412 epoch: 3 step: 20 total_loss: 0.13248
5470 epoch: 3 step: 21 total_loss: 0.10653
5536 epoch: 3 step: 22 total_loss: 0.09381
5599 epoch: 3 step: 23 total_loss: 0.08381
5662 epoch: 3 step: 24 total_loss: 0.11058
5725 epoch: 3 step: 25 total_loss: 0.12993
5791 epoch: 3 step: 26 total_loss: 0.19019
5856 epoch: 3 step: 27 total_loss: 0.11444
5920 epoch: 3 step: 28 total_loss: 0.16656
5985 epoch: 3 step: 29 total_loss: 0.12134
6050 epoch: 3 step: 30 total_loss: 0.11755
6115 epoch: 3 step: 31 total_loss: 0.13303
6180 epoch: 3 step: 32 total_loss: 0.08927
6244 epoch: 3 step: 33 total_loss: 0.08848
6308 epoch: 3 step: 34 total_loss: 0.11614
6373 epoch: 3 step: 35 total_loss: 0.07448
6436 epoch: 3 step: 36 total_loss: 0.10238
6500 epoch: 3 step: 37 total_loss: 0.13397
6567 epoch: 3 step: 38 total_loss: 0.07298
6631 epoch: 3 step: 39 total_loss: 0.15776
6700 epoch: 3 step: 40 total_loss: 0.09133
6770 epoch: 3 step: 41 total_loss: 0.18879
6837 epoch: 3 step: 42 total_loss: 0.16584
6909 epoch: 3 step: 43 total_loss: 0.10988
6978 epoch: 3 step: 44 total_loss: 0.06982
7045 epoch: 3 step: 45 total_loss: 0.10571
7117 epoch: 3 step: 46 total_loss: 0.09224
